SF:lib\api\api.dart
DA:15,0
DA:23,0
DA:24,0
DA:27,0
DA:28,0
DA:29,0
DA:30,0
DA:33,0
DA:47,0
DA:48,0
DA:49,0
DA:50,0
DA:52,0
DA:54,0
DA:56,0
DA:60,0
DA:64,0
DA:67,0
DA:69,0
DA:70,0
DA:71,0
DA:72,0
DA:76,0
DA:77,0
DA:78,0
DA:79,0
DA:87,0
DA:88,0
DA:90,0
DA:94,0
DA:98,0
DA:101,0
DA:103,0
DA:104,0
DA:108,0
DA:110,0
DA:113,0
DA:117,0
DA:118,0
DA:119,0
DA:120,0
DA:125,0
DA:126,0
DA:127,0
DA:128,0
DA:129,0
DA:131,0
DA:132,0
DA:133,0
DA:134,0
DA:135,0
DA:136,0
DA:137,0
DA:138,0
DA:139,0
DA:142,0
DA:144,0
DA:145,0
DA:146,0
DA:149,0
DA:153,0
DA:155,0
DA:158,0
DA:161,0
DA:163,0
DA:164,0
DA:165,0
DA:166,0
DA:167,0
DA:171,0
DA:172,0
DA:173,0
DA:174,0
DA:175,0
DA:176,0
DA:177,0
DA:178,0
DA:182,0
DA:183,0
DA:185,0
DA:186,0
DA:189,0
DA:190,0
DA:191,0
DA:192,0
DA:193,0
DA:195,0
DA:196,0
DA:197,0
DA:198,0
DA:199,0
DA:201,0
DA:202,0
DA:204,0
DA:208,0
DA:211,0
DA:213,0
DA:214,0
DA:215,0
DA:216,0
DA:217,0
DA:220,0
DA:221,0
DA:222,0
DA:223,0
DA:224,0
DA:228,0
DA:229,0
DA:230,0
DA:231,0
DA:232,0
DA:233,0
DA:234,0
DA:235,0
DA:239,0
DA:240,0
DA:242,0
DA:243,0
DA:246,0
DA:247,0
DA:249,0
DA:250,0
DA:251,0
DA:253,0
DA:255,0
DA:256,0
DA:257,0
DA:258,0
DA:261,0
DA:262,0
DA:264,0
DA:268,0
DA:272,0
DA:274,0
DA:279,0
DA:280,0
DA:293,0
DA:294,0
DA:295,0
DA:296,0
DA:310,0
LF:141
LH:0
end_of_record
SF:lib\core\utils\end_points.dart
DA:21,1
DA:27,1
DA:35,1
DA:43,1
DA:50,1
DA:61,1
DA:68,1
DA:77,1
DA:98,1
DA:108,1
DA:122,1
DA:129,1
LF:12
LH:12
end_of_record
SF:lib\features\manage_agents_and_distributors\data\data_sources\remote_data_source\agents_distributors_actions_data_source.dart
DA:29,1
DA:31,0
DA:36,0
DA:37,0
DA:38,0
DA:41,0
DA:43,0
DA:44,0
DA:45,0
DA:47,0
DA:49,0
DA:53,0
DA:58,0
DA:59,0
DA:60,0
DA:63,0
DA:64,0
DA:65,0
DA:66,0
DA:68,0
DA:70,0
DA:71,0
DA:75,1
DA:81,3
DA:82,2
DA:85,2
DA:86,1
DA:87,2
DA:90,0
DA:92,2
DA:93,2
LF:31
LH:9
end_of_record
SF:lib\features\manage_agents_and_distributors\data\models\agent_distributor_action_model.dart
DA:18,1
DA:30,0
DA:41,0
DA:42,0
DA:43,0
DA:44,0
DA:45,0
DA:46,0
DA:47,0
DA:48,0
DA:49,0
DA:50,0
DA:54,2
DA:55,1
DA:56,1
DA:57,1
DA:58,1
DA:59,1
DA:60,1
DA:61,1
DA:62,1
DA:63,2
DA:65,0
DA:66,0
DA:67,0
DA:68,0
DA:69,0
DA:71,0
DA:72,0
DA:73,0
DA:74,0
DA:75,0
DA:79,0
DA:80,0
DA:81,0
DA:83,0
DA:84,0
DA:85,0
DA:86,0
DA:87,0
DA:92,0
DA:93,0
DA:94,0
DA:95,0
DA:96,0
DA:97,0
DA:98,0
DA:99,0
DA:100,0
DA:101,0
DA:102,0
LF:51
LH:11
end_of_record
SF:lib\features\manage_agents_and_distributors\domain\use_cases\add_agent_usecase.dart
DA:12,0
DA:16,0
DA:18,0
DA:27,0
LF:4
LH:0
end_of_record
SF:lib\features\manage_agents_and_distributors\domain\use_cases\update_agent_usecase.dart
DA:13,0
DA:17,0
DA:19,0
DA:29,1
LF:4
LH:1
end_of_record
SF:lib\model\maincitymodel.dart
DA:7,0
DA:14,0
DA:15,0
DA:16,0
DA:17,0
DA:18,0
DA:24,0
DA:25,0
DA:28,0
DA:29,0
DA:33,0
DA:34,0
DA:36,0
DA:38,0
DA:39,0
DA:43,0
DA:45,0
DA:48,0
DA:49,0
DA:50,0
DA:51,0
DA:52,0
DA:61,0
DA:68,0
DA:69,0
DA:70,0
DA:71,0
DA:72,0
DA:76,0
DA:77,0
DA:82,0
DA:83,0
LF:32
LH:0
end_of_record
SF:lib\core\common\models\profile_invoice_model.dart
DA:28,0
DA:54,0
DA:55,0
DA:56,0
DA:57,0
DA:58,0
DA:59,0
DA:60,0
DA:61,0
DA:62,0
DA:63,0
DA:64,0
DA:65,0
DA:66,0
DA:67,0
DA:68,0
DA:69,0
DA:70,0
DA:71,0
DA:72,0
DA:73,0
DA:74,0
DA:75,0
DA:76,0
DA:77,0
DA:78,0
DA:79,0
DA:82,0
DA:83,0
DA:84,0
DA:85,0
DA:86,0
DA:87,0
DA:88,0
DA:89,0
DA:90,0
DA:91,0
DA:92,0
DA:93,0
DA:94,0
DA:95,0
DA:96,0
DA:97,0
DA:98,0
DA:99,0
DA:100,0
DA:101,0
DA:102,0
DA:103,0
DA:104,0
DA:105,0
DA:106,0
DA:110,0
DA:111,0
DA:112,0
DA:113,0
DA:114,0
DA:115,0
DA:116,0
DA:117,0
DA:118,0
DA:119,0
DA:120,0
DA:121,0
DA:122,0
DA:123,0
DA:124,0
DA:125,0
DA:126,0
DA:127,0
DA:128,0
LF:71
LH:0
end_of_record
SF:lib\core\common\widgets\profile_comments_model.dart
DA:14,0
DA:25,0
DA:26,0
DA:27,0
DA:28,0
DA:29,0
DA:30,0
DA:31,0
DA:32,0
DA:33,0
DA:34,0
DA:37,0
DA:38,0
DA:39,0
DA:40,0
DA:41,0
DA:42,0
DA:43,0
DA:44,0
DA:45,0
DA:46,0
DA:47,0
DA:51,0
DA:52,0
DA:53,0
DA:54,0
DA:55,0
DA:56,0
DA:57,0
DA:58,0
DA:59,0
DA:60,0
DA:61,0
LF:33
LH:0
end_of_record
SF:lib\features\clients_list\data\models\clients_list_response.dart
DA:64,0
DA:128,0
DA:129,0
DA:130,0
DA:131,0
DA:132,0
DA:133,0
DA:134,0
DA:135,0
DA:136,0
DA:137,0
DA:138,0
DA:139,0
DA:140,0
DA:141,0
DA:142,0
DA:143,0
DA:144,0
DA:145,0
DA:146,0
DA:147,0
DA:148,0
DA:149,0
DA:150,0
DA:151,0
DA:152,0
DA:153,0
DA:154,0
DA:155,0
DA:156,0
DA:157,0
DA:158,0
DA:159,0
DA:160,0
DA:161,0
DA:162,0
DA:163,0
DA:164,0
DA:165,0
DA:166,0
DA:167,0
DA:168,0
DA:169,0
DA:170,0
DA:171,0
DA:172,0
DA:173,0
DA:174,0
DA:175,0
DA:176,0
DA:177,0
DA:178,0
DA:179,0
DA:180,0
DA:181,0
DA:182,0
DA:183,0
DA:184,0
DA:185,0
DA:186,0
DA:187,0
DA:188,0
DA:189,0
DA:190,0
DA:194,0
DA:195,0
LF:66
LH:0
end_of_record
SF:lib\model\agent_distributor_model.dart
DA:9,0
DA:10,0
DA:12,0
DA:13,0
DA:24,0
DA:33,0
DA:34,0
DA:35,0
DA:36,0
DA:37,0
DA:38,0
DA:41,0
DA:42,0
DA:43,0
DA:44,0
DA:75,0
DA:98,0
DA:99,0
DA:100,0
DA:101,0
DA:102,0
DA:103,0
DA:104,0
DA:105,0
DA:106,0
DA:107,0
DA:108,0
DA:109,0
DA:110,0
DA:111,0
DA:112,0
DA:113,0
DA:114,0
DA:115,0
DA:116,0
DA:117,0
DA:118,0
DA:119,0
DA:120,0
DA:121,0
DA:122,0
DA:126,0
DA:127,0
DA:128,0
DA:129,0
DA:130,0
DA:131,0
DA:132,0
DA:133,0
DA:134,0
DA:135,0
DA:136,0
DA:137,0
DA:138,0
DA:139,0
DA:140,0
DA:141,0
DA:142,0
DA:143,0
DA:144,0
DA:145,0
DA:148,0
DA:150,0
LF:63
LH:0
end_of_record
SF:lib\model\invoiceModel.dart
DA:120,0
DA:228,0
DA:229,0
DA:230,0
DA:231,0
DA:232,0
DA:233,0
DA:234,0
DA:235,0
DA:236,0
DA:238,0
DA:239,0
DA:240,0
DA:241,0
DA:243,0
DA:244,0
DA:245,0
DA:246,0
DA:248,0
DA:249,0
DA:250,0
DA:251,0
DA:252,0
DA:253,0
DA:254,0
DA:255,0
DA:256,0
DA:257,0
DA:258,0
DA:259,0
DA:260,0
DA:262,0
DA:263,0
DA:264,0
DA:265,0
DA:266,0
DA:267,0
DA:268,0
DA:269,0
DA:270,0
DA:271,0
DA:272,0
DA:273,0
DA:274,0
DA:275,0
DA:276,0
DA:277,0
DA:278,0
DA:279,0
DA:280,0
DA:282,0
DA:283,0
DA:285,0
DA:286,0
DA:287,0
DA:288,0
DA:289,0
DA:290,0
DA:291,0
DA:292,0
DA:293,0
DA:294,0
DA:295,0
DA:296,0
DA:297,0
DA:298,0
DA:299,0
DA:300,0
DA:301,0
DA:302,0
DA:303,0
DA:304,0
DA:305,0
DA:306,0
DA:307,0
DA:308,0
DA:309,0
DA:310,0
DA:311,0
DA:312,0
DA:313,0
DA:314,0
DA:315,0
DA:316,0
DA:317,0
DA:318,0
DA:319,0
DA:320,0
DA:321,0
DA:322,0
DA:324,0
DA:326,0
DA:327,0
DA:329,0
DA:330,0
DA:331,0
DA:332,0
DA:333,0
DA:334,0
DA:335,0
DA:336,0
DA:337,0
DA:338,0
DA:339,0
DA:340,0
DA:342,0
DA:343,0
DA:344,0
DA:345,0
DA:347,0
DA:348,0
DA:349,0
DA:379,0
DA:380,0
DA:381,0
DA:382,0
DA:383,0
DA:384,0
DA:385,0
DA:386,0
DA:387,0
DA:388,0
DA:389,0
DA:390,0
DA:391,0
DA:392,0
DA:393,0
DA:394,0
DA:395,0
DA:396,0
DA:397,0
DA:398,0
DA:399,0
DA:400,0
DA:401,0
DA:403,0
DA:404,0
DA:405,0
DA:406,0
DA:407,0
DA:408,0
DA:409,0
DA:410,0
DA:411,0
DA:412,0
DA:413,0
DA:414,0
DA:415,0
DA:416,0
DA:417,0
DA:418,0
DA:419,0
DA:420,0
DA:421,0
DA:423,0
DA:424,0
DA:426,0
DA:427,0
DA:429,0
DA:430,0
DA:431,0
DA:432,0
DA:433,0
DA:434,0
DA:435,0
DA:436,0
DA:437,0
DA:438,0
DA:439,0
DA:440,0
DA:441,0
DA:442,0
DA:443,0
DA:444,0
DA:445,0
DA:446,0
DA:447,0
DA:448,0
DA:449,0
DA:450,0
DA:451,0
DA:452,0
DA:453,0
DA:454,0
DA:455,0
DA:456,0
DA:457,0
DA:458,0
DA:459,0
DA:460,0
DA:461,0
DA:463,0
DA:464,0
DA:471,0
DA:472,0
DA:474,0
DA:475,0
DA:481,0
DA:482,0
DA:484,0
DA:485,0
DA:488,0
DA:491,0
DA:492,0
DA:494,0
DA:495,0
DA:498,0
DA:501,0
DA:597,0
DA:598,0
DA:599,0
DA:600,0
DA:601,0
DA:602,0
DA:603,0
DA:604,0
DA:605,0
DA:606,0
DA:607,0
DA:608,0
DA:609,0
DA:610,0
DA:611,0
DA:612,0
DA:613,0
DA:614,0
DA:615,0
DA:616,0
DA:617,0
DA:618,0
DA:619,0
DA:620,0
DA:621,0
DA:622,0
DA:623,0
DA:624,0
DA:625,0
DA:626,0
DA:627,0
DA:628,0
DA:629,0
DA:630,0
DA:631,0
DA:632,0
DA:633,0
DA:634,0
DA:635,0
DA:636,0
DA:637,0
DA:638,0
DA:639,0
DA:640,0
DA:641,0
DA:642,0
DA:643,0
DA:644,0
DA:645,0
DA:646,0
DA:647,0
DA:648,0
DA:649,0
DA:650,0
DA:651,0
DA:652,0
DA:653,0
DA:654,0
DA:655,0
DA:656,0
DA:657,0
DA:658,0
DA:660,0
DA:662,0
DA:664,0
DA:666,0
DA:667,0
DA:668,0
DA:669,0
DA:670,0
DA:671,0
DA:672,0
DA:673,0
DA:674,0
DA:675,0
DA:676,0
DA:677,0
DA:678,0
DA:679,0
DA:680,0
DA:681,0
DA:682,0
DA:683,0
DA:684,0
DA:685,0
DA:686,0
DA:688,0
DA:689,0
DA:690,0
DA:691,0
DA:693,0
DA:694,0
DA:695,0
DA:696,0
DA:726,0
DA:750,0
DA:751,0
DA:752,0
DA:753,0
DA:754,0
DA:755,0
DA:756,0
DA:758,0
DA:759,0
DA:760,0
DA:761,0
DA:762,0
DA:763,0
DA:764,0
DA:765,0
DA:768,0
DA:769,0
DA:770,0
DA:771,0
DA:772,0
DA:773,0
DA:774,0
DA:775,0
DA:776,0
DA:777,0
DA:778,0
DA:779,0
DA:780,0
DA:781,0
DA:782,0
DA:783,0
DA:801,0
DA:807,0
DA:808,0
DA:809,0
DA:810,0
DA:814,0
DA:815,0
DA:816,0
DA:817,0
DA:821,0
DA:827,0
DA:828,0
DA:829,0
DA:830,0
DA:831,0
DA:835,0
DA:837,0
DA:855,0
DA:870,0
DA:871,0
DA:872,0
DA:873,0
DA:874,0
DA:875,0
DA:876,0
DA:877,0
DA:878,0
DA:881,0
DA:882,0
DA:883,0
DA:884,0
DA:885,0
DA:889,0
DA:890,0
DA:891,0
DA:892,0
DA:893,0
DA:894,0
DA:895,0
DA:896,0
DA:897,0
DA:898,0
DA:899,0
DA:900,0
DA:901,0
DA:902,0
DA:906,0
DA:920,0
DA:921,0
DA:922,0
DA:923,0
DA:924,0
DA:925,0
DA:926,0
DA:927,0
DA:928,0
DA:929,0
DA:930,0
DA:931,0
DA:932,0
LF:394
LH:0
end_of_record
SF:lib\core\di\di_container.dart
DA:13,0
DA:15,0
DA:22,0
DA:26,0
DA:29,0
DA:30,0
DA:40,0
DA:41,0
DA:43,0
DA:44,0
LF:10
LH:0
end_of_record
SF:lib\constants.dart
DA:24,0
LF:1
LH:0
end_of_record
SF:lib\core\api\api_utils.dart
DA:9,0
DA:11,0
DA:12,0
DA:13,0
DA:20,0
DA:21,0
DA:22,0
DA:23,0
DA:26,0
DA:27,0
DA:29,0
DA:31,0
DA:33,0
DA:34,0
DA:38,0
DA:49,0
DA:51,0
DA:52,0
DA:53,0
DA:54,0
DA:56,0
DA:57,0
DA:58,0
DA:59,0
DA:60,0
DA:61,0
DA:62,0
DA:64,0
DA:65,0
DA:66,0
LF:30
LH:0
end_of_record
SF:lib\core\api\result.dart
DA:4,0
DA:6,0
DA:10,0
DA:11,0
DA:14,0
DA:17,0
DA:19,0
DA:21,0
DA:23,0
DA:25,0
DA:27,0
DA:29,0
DA:31,0
DA:35,0
DA:41,0
LF:15
LH:0
end_of_record
SF:lib\core\api\exceptions.dart
DA:5,0
DA:6,0
DA:7,0
DA:9,0
DA:10,0
DA:11,0
DA:17,0
DA:18,0
DA:19,0
DA:22,0
DA:23,0
DA:24,0
DA:28,0
DA:29,0
DA:30,0
DA:31,0
DA:33,0
DA:36,0
DA:40,0
DA:43,0
DA:45,0
DA:46,0
DA:50,0
DA:51,0
DA:54,0
DA:56,0
DA:57,0
DA:58,0
DA:63,0
DA:65,0
DA:70,0
DA:74,0
DA:75,0
DA:76,0
DA:90,0
DA:92,0
DA:94,0
DA:96,0
DA:98,0
DA:100,0
DA:109,0
DA:113,0
DA:115,0
DA:119,0
DA:124,0
DA:127,0
DA:128,0
DA:129,0
DA:130,0
DA:136,0
DA:141,0
DA:149,0
DA:160,0
DA:161,0
DA:163,0
DA:168,0
DA:170,0
DA:171,0
DA:173,0
LF:59
LH:0
end_of_record
SF:lib\core\api\dio\dio_init.dart
DA:8,0
DA:9,0
DA:10,0
DA:14,0
DA:16,0
DA:21,0
DA:26,0
DA:28,0
DA:29,0
DA:30,0
DA:31,0
DA:33,0
DA:34,0
DA:35,0
DA:36,0
DA:37,0
DA:40,0
DA:42,0
DA:43,0
DA:44,0
DA:45,0
DA:47,0
DA:50,0
DA:52,0
DA:53,0
DA:54,0
DA:56,0
LF:27
LH:0
end_of_record
SF:lib\core\api\dio\dio_services.dart
DA:13,0
DA:15,0
DA:23,0
DA:28,0
DA:30,0
DA:34,0
DA:43,0
DA:45,0
DA:48,0
DA:50,0
DA:54,0
DA:62,0
DA:67,0
DA:69,0
DA:73,0
DA:81,0
DA:86,0
DA:88,0
DA:92,0
DA:94,0
DA:97,0
DA:107,0
DA:109,0
DA:111,0
DA:112,0
DA:116,0
DA:118,0
DA:119,0
DA:123,0
DA:124,0
DA:125,0
DA:126,0
DA:127,0
DA:128,0
DA:132,0
DA:136,0
DA:138,0
LF:37
LH:0
end_of_record
SF:lib\core\common\enums\enums.dart
DA:6,0
DA:8,0
DA:10,0
DA:21,0
DA:23,0
DA:25,0
DA:36,0
DA:38,0
DA:40,0
LF:9
LH:0
end_of_record
SF:lib\core\common\helpers\checkSoragePermission.dart
DA:3,0
DA:4,0
DA:5,0
DA:7,0
DA:8,0
DA:9,0
DA:11,0
LF:7
LH:0
end_of_record
SF:lib\core\common\helpers\helper_functions.dart
DA:6,0
DA:10,0
DA:11,0
DA:14,0
DA:15,0
DA:17,0
DA:18,0
DA:20,0
DA:21,0
DA:27,0
DA:28,0
DA:34,0
DA:41,0
DA:43,0
DA:44,0
DA:45,0
LF:16
LH:0
end_of_record
SF:lib\core\utils\extensions\email_validation_ext.dart
DA:2,0
DA:4,0
LF:2
LH:0
end_of_record
SF:lib\core\utils\app_constants.dart
DA:11,0
DA:12,0
DA:14,0
DA:15,0
DA:17,0
DA:18,0
DA:19,0
DA:20,0
LF:8
LH:0
end_of_record
SF:lib\core\common\models\nullable.dart
DA:4,0
DA:6,0
LF:2
LH:0
end_of_record
SF:lib\core\common\models\page_state\bloc_status.dart
DA:23,4
DA:26,4
DA:29,0
DA:30,10
DA:34,0
DA:35,0
DA:36,0
DA:37,0
LF:8
LH:3
end_of_record
SF:lib\core\common\models\page_state\page_state.dart
DA:7,16
DA:20,0
DA:22,0
DA:24,0
DA:26,0
DA:28,0
DA:30,0
DA:32,0
DA:34,0
DA:36,0
DA:38,0
LF:11
LH:1
end_of_record
SF:lib\core\common\models\response_wrapper\response_wrapper.dart
DA:15,0
DA:17,0
LF:2
LH:0
end_of_record
SF:lib\core\common\models\response_wrapper\response_wrapper.g.dart
DA:9,0
DA:13,0
DA:14,0
DA:15,0
DA:16,0
DA:17,0
DA:20,0
DA:24,0
DA:25,0
DA:26,0
DA:27,0
DA:28,0
DA:31,0
DA:35,0
DA:37,0
DA:41,0
LF:16
LH:0
end_of_record
SF:lib\core\config\theme\font.dart
DA:3,0
DA:5,0
DA:7,0
DA:9,0
DA:11,0
DA:13,0
DA:16,0
DA:18,0
DA:20,0
DA:22,0
DA:24,0
DA:26,0
DA:28,0
DA:30,0
DA:32,0
DA:34,0
DA:36,0
DA:38,0
DA:40,0
DA:55,0
DA:58,0
DA:61,0
DA:64,0
DA:67,0
DA:70,0
DA:73,0
DA:76,0
DA:79,0
DA:82,0
DA:85,0
DA:88,0
DA:91,0
DA:94,0
DA:97,0
DA:100,0
DA:103,0
DA:106,0
DA:109,0
DA:112,0
LF:39
LH:0
end_of_record
SF:lib\core\config\theme\app_theme.dart
DA:5,0
DA:6,0
DA:7,0
DA:8,0
DA:11,0
DA:13,0
DA:14,0
DA:15,0
DA:16,0
DA:17,0
DA:20,0
DA:24,0
DA:26,0
DA:28,0
DA:29,0
DA:31,0
DA:32,0
DA:35,0
DA:39,0
DA:40,0
DA:41,0
DA:42,0
DA:43,0
DA:44,0
DA:45,0
DA:46,0
DA:47,0
DA:48,0
DA:49,0
DA:54,0
DA:55,0
DA:57,0
DA:58,0
DA:61,0
DA:65,0
DA:66,0
DA:67,0
DA:68,0
DA:69,0
DA:70,0
DA:71,0
DA:72,0
DA:73,0
LF:43
LH:0
end_of_record
SF:lib\core\config\theme\utils.dart
DA:3,0
DA:4,0
DA:5,0
DA:6,0
DA:7,0
DA:8,0
DA:10,0
DA:14,0
DA:15,0
DA:16,0
DA:17,0
DA:18,0
DA:19,0
DA:21,0
DA:24,0
DA:25,0
DA:26,0
DA:27,0
DA:28,0
DA:30,0
DA:32,0
DA:33,0
DA:35,0
DA:36,0
DA:37,0
DA:38,0
DA:41,0
DA:44,0
DA:50,0
DA:52,0
DA:59,0
DA:60,0
DA:61,0
DA:62,0
DA:63,0
DA:64,0
DA:65,0
DA:66,0
DA:67,0
DA:68,0
DA:69,0
DA:70,0
DA:71,0
DA:72,0
DA:73,0
DA:74,0
DA:78,0
DA:79,0
DA:80,0
DA:81,0
DA:82,0
DA:83,0
DA:84,0
DA:85,0
DA:86,0
DA:87,0
DA:88,0
DA:89,0
DA:90,0
DA:91,0
DA:92,0
DA:93,0
DA:97,0
DA:98,0
DA:99,0
DA:100,0
DA:101,0
DA:102,0
DA:103,0
DA:104,0
DA:105,0
DA:106,0
DA:107,0
DA:108,0
DA:109,0
DA:110,0
DA:111,0
DA:112,0
DA:116,0
DA:117,0
DA:118,0
DA:119,0
DA:120,0
DA:121,0
DA:122,0
DA:123,0
DA:124,0
DA:125,0
DA:126,0
DA:127,0
DA:128,0
DA:129,0
DA:130,0
DA:131,0
LF:94
LH:0
end_of_record
SF:lib\core\config\theme\colors_app.dart
DA:48,0
DA:49,0
DA:51,0
DA:52,0
DA:54,0
DA:57,0
DA:58,0
DA:60,0
DA:61,0
DA:63,0
LF:10
LH:0
end_of_record
SF:lib\core\config\theme\my_color_scheme.dart
DA:51,0
DA:53,0
DA:55,0
DA:57,0
DA:59,0
DA:61,0
DA:63,0
DA:65,0
DA:67,0
DA:69,0
DA:71,0
DA:73,0
DA:75,0
DA:77,0
DA:79,0
DA:81,0
DA:83,0
DA:85,0
LF:18
LH:0
end_of_record
SF:lib\core\config\theme\typography.dart
DA:3,0
DA:5,0
DA:6,0
DA:7,0
DA:8,0
DA:12,0
DA:13,0
DA:18,0
DA:19,0
DA:28,0
DA:29,0
DA:34,0
DA:35,0
DA:40,0
DA:41,0
DA:46,0
DA:47,0
DA:52,0
DA:53,0
DA:58,0
DA:59,0
DA:64,0
DA:65,0
DA:70,0
DA:71,0
DA:76,0
DA:77,0
DA:82,0
DA:83,0
DA:88,0
DA:89,0
DA:95,0
LF:32
LH:0
end_of_record
SF:lib\features\app\data\data_sources\app_datasource.dart
DA:11,0
DA:15,0
DA:16,0
DA:17,0
DA:19,0
DA:21,0
DA:22,0
DA:25,0
LF:8
LH:0
end_of_record
SF:lib\features\app\data\repositories\app_repository_impl.dart
DA:11,0
DA:15,0
DA:17,0
LF:3
LH:0
end_of_record
SF:lib\features\app\domain\use_cases\get_version_usecase.dart
DA:11,0
DA:15,0
DA:17,0
LF:3
LH:0
end_of_record
SF:lib\features\app\presentation\bloc\app_manager_cubit.dart
DA:18,0
DA:19,0
DA:20,0
DA:21,0
DA:25,0
DA:26,0
DA:28,0
DA:30,0
DA:31,0
DA:32,0
DA:34,0
DA:35,0
DA:37,0
DA:39,0
DA:40,0
DA:41,0
DA:42,0
DA:48,0
DA:51,0
DA:52,0
DA:58,0
DA:62,0
DA:64,0
DA:65,0
DA:68,0
DA:71,0
DA:73,0
DA:74,0
DA:75,0
DA:76,0
DA:77,0
DA:78,0
DA:79,0
DA:80,0
DA:82,0
DA:84,0
DA:88,0
DA:92,0
DA:96,0
DA:105,0
DA:111,0
DA:112,0
DA:113,0
DA:115,0
DA:118,0
DA:119,0
DA:123,0
DA:124,0
DA:127,0
LF:49
LH:0
end_of_record
SF:lib\features\app\presentation\bloc\app_manager_state.dart
DA:5,0
DA:19,0
DA:26,0
DA:27,0
DA:28,0
DA:29,0
DA:30,0
DA:31,0
LF:8
LH:0
end_of_record
SF:lib\features\clients_list\data\data_sources\clients_list_datasource.dart
DA:19,0
DA:21,0
DA:23,0
DA:24,0
DA:25,0
DA:26,0
DA:28,0
DA:30,0
DA:31,0
DA:32,0
DA:38,0
DA:41,0
DA:43,0
DA:44,0
DA:45,0
DA:46,0
DA:47,0
DA:49,0
DA:52,0
DA:53,0
DA:55,0
DA:58,0
DA:61,0
DA:63,0
DA:64,0
DA:65,0
DA:66,0
DA:69,0
DA:71,0
DA:72,0
DA:73,0
DA:79,0
DA:82,0
DA:84,0
DA:85,0
DA:86,0
DA:87,0
DA:89,0
DA:91,0
DA:92,0
DA:93,0
DA:99,0
DA:102,0
DA:104,0
DA:105,0
DA:106,0
DA:107,0
DA:110,0
DA:112,0
DA:113,0
DA:114,0
DA:120,0
DA:123,0
DA:125,0
DA:126,0
DA:127,0
DA:128,0
DA:131,0
DA:132,0
DA:133,0
DA:134,0
DA:138,0
DA:141,0
DA:143,0
DA:144,0
DA:145,0
DA:146,0
DA:150,0
DA:151,0
DA:154,0
DA:157,0
DA:159,0
DA:160,0
DA:161,0
DA:162,0
DA:167,0
DA:168,0
DA:171,0
DA:174,0
DA:176,0
DA:177,0
DA:178,0
DA:179,0
DA:180,0
DA:185,0
DA:186,0
DA:187,0
DA:188,0
DA:191,0
DA:194,0
DA:196,0
DA:197,0
DA:198,0
DA:199,0
DA:204,0
DA:205,0
DA:206,0
DA:209,0
LF:98
LH:0
end_of_record
SF:lib\features\clients_list\data\repositories\client_list_repository_impl.dart
DA:16,0
DA:18,0
DA:21,0
DA:24,0
DA:27,0
DA:30,0
DA:33,0
DA:36,0
DA:39,0
DA:42,0
DA:45,0
DA:48,0
DA:51,0
DA:54,0
DA:57,0
DA:60,0
DA:64,0
DA:67,0
DA:71,0
DA:74,0
DA:78,0
LF:21
LH:0
end_of_record
SF:lib\features\clients_list\domain\use_cases\add_client_usecase.dart
DA:13,0
DA:17,0
DA:19,0
DA:43,0
DA:65,0
DA:66,0
DA:67,0
DA:68,0
DA:69,0
DA:70,0
DA:71,0
DA:72,0
DA:73,0
DA:74,0
DA:75,0
DA:76,0
DA:77,0
DA:78,0
DA:79,0
DA:80,0
DA:81,0
DA:83,0
DA:84,0
DA:86,0
DA:87,0
DA:88,0
DA:89,0
DA:90,0
DA:91,0
DA:93,0
LF:30
LH:0
end_of_record
SF:lib\features\clients_list\domain\use_cases\approve_reject_client_usecase.dart
DA:12,0
DA:16,0
DA:19,0
DA:20,0
DA:25,0
DA:35,0
DA:36,0
DA:37,0
DA:39,0
DA:40,0
LF:10
LH:0
end_of_record
SF:lib\features\clients_list\domain\use_cases\change_type_client_usecase.dart
DA:12,0
DA:16,0
DA:19,0
DA:20,0
DA:25,0
DA:42,0
DA:43,0
DA:44,0
DA:45,0
DA:46,0
DA:47,0
DA:48,0
DA:50,0
DA:51,0
LF:14
LH:0
end_of_record
SF:lib\features\clients_list\domain\use_cases\edit_client_usecase.dart
DA:12,0
DA:16,0
DA:18,0
DA:49,0
DA:78,0
DA:79,0
DA:80,0
DA:81,0
DA:82,0
DA:83,0
DA:84,0
DA:85,0
DA:86,0
DA:87,0
DA:88,0
DA:89,0
DA:90,0
DA:91,0
DA:92,0
DA:93,0
DA:94,0
DA:95,0
DA:96,0
DA:97,0
DA:98,0
DA:99,0
DA:100,0
DA:101,0
DA:102,0
DA:103,0
DA:104,0
DA:105,0
DA:107,0
DA:111,0
LF:34
LH:0
end_of_record
SF:lib\features\clients_list\domain\use_cases\get_all_clients_list_usecase.dart
DA:12,0
DA:16,0
DA:19,0
DA:28,0
DA:34,0
DA:35,0
DA:36,0
DA:37,0
LF:8
LH:0
end_of_record
SF:lib\features\clients_list\domain\use_cases\get_clients_by_region_usecase.dart
DA:12,0
DA:16,0
DA:19,0
DA:26,0
DA:28,0
LF:5
LH:0
end_of_record
SF:lib\features\clients_list\domain\use_cases\get_clients_by_user_usecase.dart
DA:12,0
DA:16,0
DA:19,0
DA:26,0
DA:28,0
LF:5
LH:0
end_of_record
SF:lib\features\clients_list\domain\use_cases\get_clients_with_filter_usecase.dart
DA:14,0
DA:18,0
DA:21,0
DA:38,0
DA:52,0
DA:53,0
DA:54,0
DA:55,0
DA:56,0
DA:57,0
DA:58,0
DA:59,0
DA:60,0
DA:61,0
DA:62,0
DA:63,0
DA:64,0
DA:65,0
DA:67,0
DA:71,0
DA:84,0
DA:85,0
DA:86,0
DA:87,0
DA:88,0
DA:89,0
DA:91,0
DA:92,0
DA:93,0
DA:95,0
DA:97,0
DA:98,0
DA:100,0
DA:101,0
DA:102,0
LF:35
LH:0
end_of_record
SF:lib\features\clients_list\domain\use_cases\get_recommended_cleints_usecase.dart
DA:11,0
DA:15,0
DA:17,0
LF:3
LH:0
end_of_record
SF:lib\features\clients_list\domain\use_cases\get_similar_cleints_usecase.dart
DA:12,0
DA:16,0
DA:20,0
DA:29,0
DA:35,0
DA:36,0
DA:37,0
DA:38,0
LF:8
LH:0
end_of_record
SF:lib\features\clients_list\presentation\manager\clients_list_event.dart
DA:4,0
DA:13,0
DA:20,0
DA:21,0
DA:28,0
DA:30,0
DA:31,0
DA:38,0
DA:43,0
DA:44,0
DA:50,0
DA:52,0
DA:53,0
DA:59,0
DA:61,0
DA:62,0
DA:66,0
DA:67,0
DA:73,0
DA:75,0
DA:76,0
DA:84,0
DA:86,0
DA:87,0
DA:94,0
DA:96,0
DA:97,0
DA:104,0
DA:106,0
DA:107,0
DA:114,0
DA:116,0
DA:117,0
LF:33
LH:0
end_of_record
SF:lib\features\clients_list\presentation\manager\clients_list_state.dart
DA:4,0
DA:14,0
DA:25,0
DA:36,0
DA:38,0
DA:39,0
DA:40,0
DA:41,0
DA:42,0
DA:43,0
DA:44,0
LF:11
LH:0
end_of_record
SF:lib\features\clients_list\presentation\manager\clients_list_bloc.dart
DA:29,0
DA:37,0
DA:38,0
DA:39,0
DA:40,0
DA:41,0
DA:42,0
DA:43,0
DA:44,0
DA:45,0
DA:46,0
DA:47,0
DA:48,0
DA:59,0
DA:61,0
DA:62,0
DA:63,0
DA:64,0
DA:65,0
DA:66,0
DA:67,0
DA:68,0
DA:72,0
DA:74,0
DA:75,0
DA:76,0
DA:78,0
DA:80,0
DA:82,0
DA:83,0
DA:85,0
DA:93,0
DA:100,0
DA:101,0
DA:102,0
DA:105,0
DA:106,0
DA:107,0
DA:109,0
DA:111,0
DA:112,0
DA:113,0
DA:114,0
DA:115,0
DA:116,0
DA:117,0
DA:122,0
DA:124,0
DA:125,0
DA:126,0
DA:129,0
DA:132,0
DA:134,0
DA:135,0
DA:136,0
DA:137,0
DA:138,0
DA:140,0
DA:141,0
DA:144,0
DA:146,0
DA:147,0
DA:148,0
DA:151,0
DA:154,0
DA:156,0
DA:158,0
DA:160,0
DA:163,0
DA:165,0
DA:166,0
DA:167,0
DA:170,0
DA:172,0
DA:174,0
DA:175,0
DA:176,0
DA:177,0
DA:178,0
DA:180,0
DA:181,0
DA:186,0
DA:188,0
DA:190,0
DA:192,0
DA:193,0
DA:194,0
DA:195,0
DA:196,0
DA:197,0
DA:198,0
DA:199,0
DA:200,0
DA:202,0
DA:207,0
DA:209,0
DA:211,0
DA:213,0
DA:214,0
DA:215,0
DA:216,0
DA:217,0
DA:218,0
DA:220,0
DA:221,0
DA:222,0
DA:223,0
DA:225,0
DA:226,0
DA:231,0
DA:233,0
DA:236,0
DA:239,0
DA:240,0
DA:241,0
DA:242,0
DA:243,0
DA:252,0
DA:257,0
DA:259,0
DA:262,0
DA:265,0
DA:266,0
DA:267,0
DA:268,0
DA:269,0
DA:270,0
DA:276,0
LF:128
LH:0
end_of_record
SF:lib\features\communication_list\data\data_sources\communication_list_datasource.dart
DA:13,0
DA:15,0
DA:17,0
DA:18,0
DA:19,0
DA:20,0
DA:22,0
DA:24,0
DA:25,0
DA:29,0
LF:10
LH:0
end_of_record
SF:lib\features\communication_list\data\repositories\communication_list_repository_impl.dart
DA:14,0
DA:16,0
DA:19,0
LF:3
LH:0
end_of_record
SF:lib\features\communication_list\domain\use_cases\get_communication_list_usecase.dart
DA:13,0
DA:17,0
DA:20,0
DA:28,0
DA:30,0
DA:31,0
DA:32,0
LF:7
LH:0
end_of_record
SF:lib\features\communication_list\presentation\manager\communication_list_event.dart
DA:4,0
DA:11,0
DA:16,0
DA:17,0
DA:23,0
DA:25,0
DA:26,0
DA:34,0
DA:36,0
DA:37,0
LF:10
LH:0
end_of_record
SF:lib\features\communication_list\presentation\manager\communication_list_state.dart
DA:4,0
DA:14,0
DA:15,0
DA:17,0
DA:22,0
DA:23,0
DA:24,0
DA:25,0
LF:8
LH:0
end_of_record
SF:lib\features\communication_list\presentation\manager\communication_list_bloc.dart
DA:19,0
DA:20,0
DA:21,0
DA:22,0
DA:23,0
DA:28,0
DA:30,0
DA:32,0
DA:33,0
DA:34,0
DA:36,0
DA:37,0
DA:38,0
DA:39,0
DA:40,0
DA:41,0
DA:43,0
DA:44,0
DA:45,0
DA:47,0
DA:48,0
DA:49,0
DA:50,0
DA:51,0
DA:52,0
DA:59,0
DA:61,0
DA:63,0
DA:66,0
DA:69,0
DA:71,0
DA:72,0
DA:73,0
DA:74,0
DA:75,0
DA:79,0
DA:81,0
DA:82,0
DA:84,0
LF:39
LH:0
end_of_record
SF:lib\features\company\data\data_sources\company_datasource.dart
DA:13,0
DA:15,0
DA:17,0
DA:18,0
DA:20,0
DA:21,0
DA:23,0
DA:24,0
DA:25,0
DA:26,0
DA:30,0
DA:33,0
DA:35,0
DA:36,0
DA:37,0
DA:38,0
DA:42,0
DA:43,0
DA:45,0
DA:49,0
LF:20
LH:0
end_of_record
SF:lib\features\company\data\repositories\com_repo_impl.dart
DA:12,0
DA:16,0
DA:20,0
DA:23,0
DA:27,0
LF:5
LH:0
end_of_record
SF:lib\features\company\domain\use_cases\addcomment_usecase.dart
DA:12,0
DA:16,0
DA:19,0
DA:20,0
DA:31,0
DA:37,0
DA:38,0
DA:39,0
LF:8
LH:0
end_of_record
SF:lib\features\company\domain\use_cases\getcomment_usecase.dart
DA:12,0
DA:16,0
DA:20,0
DA:25,0
LF:4
LH:0
end_of_record
SF:lib\features\company\presentation\manager\company_cubit.dart
DA:16,0
DA:19,0
DA:24,0
DA:27,0
DA:28,0
DA:30,0
DA:31,0
DA:32,0
DA:33,0
DA:34,0
DA:35,0
DA:36,0
DA:42,0
DA:47,0
DA:49,0
DA:51,0
DA:52,0
DA:53,0
DA:54,0
DA:55,0
DA:57,0
DA:58,0
DA:61,0
DA:63,0
DA:64,0
DA:65,0
DA:66,0
DA:67,0
DA:74,0
LF:29
LH:0
end_of_record
SF:lib\features\company\presentation\manager\company_state.dart
DA:5,0
DA:18,0
DA:19,0
DA:20,0
DA:21,0
DA:22,0
DA:26,0
DA:32,0
DA:33,0
DA:34,0
DA:35,0
LF:11
LH:0
end_of_record
SF:lib\features\links\data\data_sources\link_datasource.dart
DA:13,0
DA:15,0
DA:16,0
DA:17,0
DA:18,0
DA:19,0
DA:30,0
DA:31,0
DA:32,0
DA:33,0
DA:37,0
DA:40,0
DA:42,0
DA:43,0
DA:45,0
DA:46,0
DA:47,0
DA:49,0
DA:53,0
DA:56,0
DA:60,0
DA:61,0
DA:63,0
DA:64,0
DA:66,0
DA:68,0
DA:72,0
LF:27
LH:0
end_of_record
SF:lib\features\links\data\repositories\link_repo_impl.dart
DA:12,0
DA:16,0
DA:20,0
DA:23,0
DA:27,0
DA:30,0
DA:33,0
LF:7
LH:0
end_of_record
SF:lib\features\links\domain\use_cases\action_link_usercase.dart
DA:12,0
DA:16,0
DA:19,0
DA:20,0
DA:22,0
DA:35,0
DA:44,0
DA:45,0
DA:46,0
DA:47,0
DA:48,0
DA:49,0
DA:50,0
DA:52,0
DA:53,0
DA:54,0
DA:55,0
DA:56,0
DA:57,0
DA:60,0
DA:61,0
DA:63,0
LF:22
LH:0
end_of_record
SF:lib\features\links\domain\use_cases\get_link_usecase.dart
DA:12,0
DA:16,0
DA:18,0
LF:3
LH:0
end_of_record
SF:lib\features\links\presentation\manager\link_cubit.dart
DA:16,0
DA:19,0
DA:24,0
DA:25,0
DA:26,0
DA:28,0
DA:29,0
DA:30,0
DA:31,0
DA:32,0
DA:33,0
DA:34,0
DA:40,0
DA:41,0
DA:44,0
DA:45,0
DA:46,0
DA:49,0
DA:51,0
DA:53,0
DA:54,0
DA:55,0
DA:59,0
DA:64,0
DA:66,0
DA:68,0
DA:69,0
DA:70,0
DA:71,0
DA:72,0
DA:74,0
DA:75,0
DA:78,0
DA:86,0
DA:87,0
DA:88,0
DA:89,0
DA:96,0
LF:38
LH:0
end_of_record
SF:lib\features\links\presentation\manager\link_state.dart
DA:6,0
DA:19,0
DA:20,0
DA:21,0
DA:22,0
DA:23,0
DA:24,0
DA:27,0
DA:33,0
DA:34,0
DA:35,0
DA:36,0
DA:37,0
LF:13
LH:0
end_of_record
SF:lib\features\manage_agents_and_distributors\data\data_sources\remote_data_source\agents_distributors_data_source.dart
DA:15,0
DA:19,0
DA:22,0
DA:24,0
DA:25,0
DA:26,0
DA:27,0
DA:29,0
DA:30,0
DA:33,0
DA:35,0
LF:11
LH:0
end_of_record
SF:lib\features\manage_agents_and_distributors\data\data_sources\remote_data_source\agents_distributors_profile_data_source.dart
DA:53,0
DA:55,0
DA:59,0
DA:60,0
DA:61,0
DA:63,0
DA:65,0
DA:66,0
DA:67,0
DA:68,0
DA:69,0
DA:72,0
DA:74,0
DA:75,0
DA:79,0
DA:84,0
DA:85,0
DA:86,0
DA:87,0
DA:89,0
DA:90,0
DA:91,0
DA:94,0
DA:96,0
DA:97,0
DA:101,0
DA:106,0
DA:107,0
DA:108,0
DA:109,0
DA:111,0
DA:112,0
DA:113,0
DA:116,0
DA:118,0
DA:119,0
DA:123,0
DA:129,0
DA:130,0
DA:131,0
DA:136,0
DA:137,0
DA:138,0
DA:140,0
DA:141,0
DA:145,0
DA:150,0
DA:151,0
DA:152,0
DA:153,0
DA:155,0
DA:156,0
DA:157,0
DA:160,0
DA:162,0
DA:163,0
DA:167,0
DA:172,0
DA:173,0
DA:174,0
DA:176,0
DA:178,0
DA:180,0
DA:181,0
DA:185,0
DA:191,0
DA:192,0
DA:193,0
DA:195,0
DA:196,0
DA:201,0
DA:203,0
DA:205,0
DA:207,0
DA:208,0
DA:212,0
DA:217,0
DA:219,0
DA:221,0
DA:224,0
DA:226,0
DA:228,0
DA:229,0
LF:83
LH:0
end_of_record
SF:lib\features\manage_agents_and_distributors\data\repositories\agents_distributors_actions_repo_impl.dart
DA:14,0
DA:16,0
DA:21,0
DA:26,0
DA:30,0
DA:35,0
DA:39,0
LF:7
LH:0
end_of_record
SF:lib\features\manage_agents_and_distributors\data\repositories\agents_distributors_profile_repo_impl.dart
DA:17,0
DA:19,0
DA:23,0
DA:26,0
DA:30,0
DA:33,0
DA:37,0
DA:40,0
DA:45,0
DA:48,0
DA:52,0
DA:55,0
DA:59,0
DA:62,0
DA:66,0
DA:69,0
DA:72,0
LF:17
LH:0
end_of_record
SF:lib\features\manage_agents_and_distributors\data\repositories\agents_distributors_repo_impl.dart
DA:12,0
DA:14,0
DA:17,0
LF:3
LH:0
end_of_record
SF:lib\features\manage_agents_and_distributors\domain\use_cases\add_agent_comments_usecase.dart
DA:11,0
DA:15,0
DA:19,0
DA:20,0
DA:21,0
DA:30,0
LF:6
LH:0
end_of_record
SF:lib\features\manage_agents_and_distributors\domain\use_cases\add_agent_date_usecase.dart
DA:13,0
DA:15,0
DA:17,0
DA:18,0
DA:26,0
LF:5
LH:0
end_of_record
SF:lib\features\manage_agents_and_distributors\domain\use_cases\done_training_usecase.dart
DA:12,0
DA:16,0
DA:20,0
DA:21,0
DA:22,0
DA:31,0
LF:6
LH:0
end_of_record
SF:lib\features\manage_agents_and_distributors\domain\use_cases\get_agent_byid_usecase.dart
DA:12,0
DA:16,0
DA:19,0
DA:26,0
LF:4
LH:0
end_of_record
SF:lib\features\manage_agents_and_distributors\domain\use_cases\get_agent_client_list_usecase.dart
DA:11,0
DA:15,0
DA:18,0
DA:19,0
DA:26,0
LF:5
LH:0
end_of_record
SF:lib\features\manage_agents_and_distributors\domain\use_cases\get_agent_comments_list_usecase.dart
DA:11,0
DA:15,0
DA:19,0
DA:26,0
DA:28,0
DA:29,0
DA:30,0
DA:31,0
DA:35,0
LF:9
LH:0
end_of_record
SF:lib\features\manage_agents_and_distributors\domain\use_cases\get_agent_dates_list_usecase.dart
DA:11,0
DA:15,0
DA:18,0
DA:25,0
LF:4
LH:0
end_of_record
SF:lib\features\manage_agents_and_distributors\domain\use_cases\get_agent_invoice_list_usecase.dart
DA:11,0
DA:15,0
DA:18,0
DA:25,0
LF:4
LH:0
end_of_record
SF:lib\features\manage_agents_and_distributors\domain\use_cases\get_agents_and_distributors_usecase.dart
DA:13,0
DA:15,0
DA:17,0
LF:3
LH:0
end_of_record
SF:lib\features\manage_agents_and_distributors\domain\use_cases\get_all_cities_usecase.dart
DA:13,0
DA:15,0
DA:18,0
DA:19,0
DA:20,0
DA:29,0
LF:6
LH:0
end_of_record
SF:lib\features\manage_agents_and_distributors\presentation\manager\agents_distributors_actions_cubit\agents_distributors_actions_cubit.dart
DA:21,0
DA:25,0
DA:54,0
DA:56,0
DA:58,0
DA:59,0
DA:60,0
DA:61,0
DA:62,0
DA:63,0
DA:64,0
DA:65,0
DA:66,0
DA:67,0
DA:68,0
DA:69,0
DA:70,0
DA:71,0
DA:72,0
DA:73,0
DA:78,0
DA:79,0
DA:80,0
DA:82,0
DA:85,0
DA:86,0
DA:87,0
DA:88,0
DA:89,0
DA:92,0
DA:96,0
DA:98,0
DA:99,0
DA:104,0
DA:105,0
DA:106,0
DA:107,0
DA:109,0
DA:110,0
DA:112,0
DA:115,0
DA:116,0
DA:121,0
DA:122,0
DA:123,0
DA:124,0
DA:125,0
DA:131,0
DA:132,0
DA:133,0
DA:135,0
DA:136,0
DA:141,0
DA:144,0
DA:145,0
DA:146,0
DA:148,0
DA:154,0
DA:155,0
DA:156,0
DA:158,0
DA:159,0
DA:164,0
DA:168,0
DA:170,0
DA:172,0
DA:174,0
DA:177,0
DA:178,0
DA:179,0
DA:180,0
DA:184,0
DA:185,0
DA:186,0
DA:189,0
DA:190,0
DA:191,0
DA:194,0
DA:195,0
DA:196,0
DA:199,0
DA:200,0
DA:201,0
DA:204,0
DA:205,0
DA:206,0
DA:209,0
DA:210,0
DA:211,0
DA:214,0
DA:215,0
DA:216,0
DA:219,0
DA:220,0
DA:221,0
DA:224,0
DA:225,0
DA:226,0
DA:229,0
DA:231,0
DA:232,0
DA:233,0
DA:234,0
DA:235,0
DA:236,0
DA:237,0
DA:238,0
LF:107
LH:0
end_of_record
SF:lib\features\manage_agents_and_distributors\presentation\manager\agents_distributors_actions_cubit\agents_distributors_actions_state.dart
DA:15,0
LF:1
LH:0
end_of_record
SF:lib\features\manage_agents_and_distributors\presentation\manager\agents_distributors_profile_bloc\agents_distributors_profile_state.dart
DA:34,0
DA:58,0
DA:81,0
DA:82,0
DA:83,0
DA:85,0
DA:86,0
DA:88,0
DA:89,0
DA:90,0
DA:91,0
DA:94,0
DA:96,0
DA:97,0
DA:99,0
DA:101,0
DA:106,0
DA:107,0
DA:108,0
DA:109,0
DA:110,0
DA:111,0
DA:112,0
DA:113,0
DA:114,0
DA:115,0
DA:116,0
DA:117,0
DA:118,0
DA:119,0
DA:120,0
DA:121,0
DA:122,0
DA:123,0
DA:124,0
DA:125,0
DA:126,0
DA:127,0
DA:128,0
LF:39
LH:0
end_of_record
SF:lib\features\manage_agents_and_distributors\presentation\manager\agents_distributors_profile_bloc\agents_distributors_profile_event.dart
DA:11,0
DA:16,0
DA:17,0
DA:24,0
DA:29,0
DA:30,0
DA:37,0
DA:39,0
DA:40,0
DA:48,0
DA:53,0
DA:54,0
DA:61,0
DA:63,0
DA:64,0
DA:72,0
DA:74,0
DA:75,0
DA:82,0
DA:86,0
DA:87,0
DA:94,0
DA:101,0
DA:108,0
DA:112,0
DA:113,0
DA:120,0
LF:27
LH:0
end_of_record
SF:lib\features\manage_agents_and_distributors\presentation\manager\agents_distributors_profile_bloc\agents_distributors_profile_bloc.dart
DA:39,0
DA:49,0
DA:50,0
DA:51,0
DA:52,0
DA:53,0
DA:54,0
DA:55,0
DA:56,0
DA:57,0
DA:58,0
DA:59,0
DA:60,0
DA:74,0
DA:76,0
DA:80,0
DA:81,0
DA:82,0
DA:83,0
DA:88,0
DA:89,0
DA:90,0
DA:92,0
DA:98,0
DA:120,0
DA:122,0
DA:124,0
DA:128,0
DA:129,0
DA:130,0
DA:131,0
DA:132,0
DA:135,0
DA:137,0
DA:141,0
DA:142,0
DA:143,0
DA:144,0
DA:149,0
DA:150,0
DA:151,0
DA:153,0
DA:159,0
DA:161,0
DA:163,0
DA:167,0
DA:168,0
DA:169,0
DA:170,0
DA:173,0
DA:176,0
DA:178,0
DA:182,0
DA:184,0
DA:185,0
DA:187,0
DA:188,0
DA:189,0
DA:192,0
DA:197,0
DA:199,0
DA:203,0
DA:204,0
DA:206,0
DA:207,0
DA:208,0
DA:213,0
DA:214,0
DA:222,0
DA:224,0
DA:229,0
DA:231,0
DA:232,0
DA:233,0
DA:238,0
DA:239,0
DA:242,0
DA:247,0
DA:249,0
DA:253,0
DA:255,0
DA:256,0
DA:257,0
DA:262,0
DA:263,0
DA:264,0
DA:267,0
DA:272,0
DA:274,0
DA:276,0
DA:277,0
DA:280,0
DA:281,0
DA:282,0
DA:284,0
DA:285,0
DA:286,0
DA:292,0
DA:293,0
DA:294,0
DA:295,0
DA:296,0
DA:299,0
DA:300,0
DA:301,0
DA:302,0
DA:303,0
DA:304,0
DA:307,0
DA:308,0
DA:309,0
DA:310,0
DA:311,0
DA:314,0
DA:316,0
DA:318,0
DA:319,0
DA:322,0
DA:323,0
DA:324,0
DA:326,0
DA:327,0
DA:328,0
DA:333,0
DA:334,0
DA:335,0
DA:336,0
DA:337,0
DA:338,0
LF:129
LH:0
end_of_record
SF:lib\features\manage_agents_and_distributors\presentation\manager\manage_agents_and_distributors_cubit\agents_distributors_state.dart
DA:8,0
DA:14,0
DA:19,0
DA:20,0
DA:22,0
DA:23,0
DA:27,0
DA:28,0
LF:8
LH:0
end_of_record
SF:lib\features\manage_agents_and_distributors\presentation\manager\manage_agents_and_distributors_cubit\agents_distributors_cubit.dart
DA:16,0
DA:17,0
DA:23,0
DA:24,0
DA:26,0
DA:28,0
DA:29,0
DA:30,0
DA:31,0
DA:32,0
DA:33,0
DA:35,0
DA:42,0
DA:43,0
DA:44,0
DA:48,0
DA:49,0
DA:50,0
DA:52,0
DA:53,0
DA:54,0
DA:55,0
LF:22
LH:0
end_of_record
SF:lib\features\manage_participates\data\data_sources\participates_list_datasource.dart
DA:19,0
DA:21,0
DA:23,0
DA:24,0
DA:25,0
DA:26,0
DA:29,0
DA:31,0
DA:32,0
DA:33,0
DA:39,0
DA:42,0
DA:44,0
DA:45,0
DA:46,0
DA:47,0
DA:51,0
DA:53,0
DA:56,0
DA:59,0
DA:61,0
DA:62,0
DA:63,0
DA:64,0
DA:69,0
DA:71,0
DA:74,0
DA:77,0
DA:79,0
DA:80,0
DA:81,0
DA:83,0
DA:85,0
DA:86,0
DA:87,0
DA:88,0
DA:89,0
DA:93,0
DA:96,0
DA:98,0
DA:99,0
DA:100,0
DA:102,0
DA:104,0
DA:105,0
DA:106,0
DA:107,0
DA:108,0
DA:112,0
DA:115,0
DA:117,0
DA:118,0
DA:119,0
DA:120,0
DA:122,0
DA:123,0
DA:138,0
DA:141,0
DA:143,0
DA:144,0
DA:145,0
DA:147,0
DA:149,0
DA:150,0
DA:151,0
DA:152,0
DA:153,0
DA:157,0
DA:160,0
DA:162,0
DA:163,0
DA:164,0
DA:165,0
DA:167,0
DA:168,0
DA:170,0
DA:174,0
LF:77
LH:0
end_of_record
SF:lib\features\manage_participates\data\repositories\participate_list_repository_impl.dart
DA:18,0
DA:20,0
DA:23,0
DA:26,0
DA:29,0
DA:32,0
DA:35,0
DA:38,0
DA:41,0
DA:42,0
DA:45,0
DA:48,0
DA:49,0
DA:52,0
DA:55,0
DA:58,0
DA:61,0
DA:62,0
DA:65,0
DA:68,0
LF:20
LH:0
end_of_record
SF:lib\features\manage_participates\domain\use_cases\add_participate_comment_usecase.dart
DA:12,0
DA:16,0
DA:19,0
DA:27,0
DA:28,0
DA:29,0
DA:30,0
LF:7
LH:0
end_of_record
SF:lib\features\manage_participates\domain\use_cases\add_participate_usecase.dart
DA:12,0
DA:16,0
DA:19,0
DA:29,0
DA:36,0
DA:37,0
DA:38,0
DA:39,0
DA:40,0
DA:41,0
DA:42,0
DA:44,0
LF:12
LH:0
end_of_record
SF:lib\features\manage_participates\domain\use_cases\edit_paraticipate_usecase.dart
DA:12,0
DA:16,0
DA:19,0
DA:30,0
DA:38,0
DA:39,0
DA:40,0
DA:41,0
DA:42,0
DA:43,0
DA:44,0
DA:46,0
DA:50,0
LF:13
LH:0
end_of_record
SF:lib\features\manage_participates\domain\use_cases\get_invoice_by_id_usecase.dart
DA:12,0
DA:16,0
DA:19,0
DA:26,0
DA:28,0
DA:29,0
DA:30,0
DA:31,0
DA:35,0
LF:9
LH:0
end_of_record
SF:lib\features\manage_participates\domain\use_cases\get_participate_client_list_usecase.dart
DA:13,0
DA:17,0
DA:20,0
DA:21,0
DA:28,0
DA:30,0
DA:31,0
DA:32,0
DA:33,0
DA:37,0
LF:10
LH:0
end_of_record
SF:lib\features\manage_participates\domain\use_cases\get_participate_comment_list_usecase.dart
DA:13,0
DA:17,0
DA:20,0
DA:27,0
DA:29,0
DA:30,0
DA:31,0
DA:32,0
DA:36,0
LF:9
LH:0
end_of_record
SF:lib\features\manage_participates\domain\use_cases\get_participate_Invoice_list_usecase.dart
DA:13,0
DA:17,0
DA:20,0
DA:21,0
DA:28,0
DA:30,0
DA:31,0
DA:32,0
DA:33,0
DA:37,0
LF:10
LH:0
end_of_record
SF:lib\features\manage_participates\domain\use_cases\get_participate_list_usecase.dart
DA:12,0
DA:16,0
DA:19,0
DA:24,0
DA:25,0
DA:26,0
DA:27,0
DA:28,0
DA:32,0
LF:9
LH:0
end_of_record
SF:lib\features\manage_participates\presentation\manager\participate_list_bloc.dart
DA:27,0
DA:36,0
DA:37,0
DA:38,0
DA:39,0
DA:40,0
DA:41,0
DA:42,0
DA:43,0
DA:44,0
DA:45,0
DA:46,0
DA:47,0
DA:48,0
DA:49,0
DA:61,0
DA:63,0
DA:66,0
DA:68,0
DA:69,0
DA:70,0
DA:71,0
DA:72,0
DA:73,0
DA:74,0
DA:75,0
DA:76,0
DA:78,0
DA:79,0
DA:80,0
DA:81,0
DA:82,0
DA:83,0
DA:90,0
DA:92,0
DA:93,0
DA:96,0
DA:98,0
DA:100,0
DA:101,0
DA:102,0
DA:104,0
DA:108,0
DA:110,0
DA:113,0
DA:115,0
DA:116,0
DA:117,0
DA:118,0
DA:119,0
DA:121,0
DA:122,0
DA:124,0
DA:125,0
DA:126,0
DA:130,0
DA:135,0
DA:137,0
DA:141,0
DA:143,0
DA:144,0
DA:145,0
DA:146,0
DA:147,0
DA:149,0
DA:151,0
DA:152,0
DA:153,0
DA:155,0
DA:158,0
DA:159,0
DA:160,0
DA:164,0
DA:169,0
DA:171,0
DA:174,0
DA:176,0
DA:179,0
DA:182,0
DA:184,0
DA:185,0
DA:187,0
DA:188,0
DA:189,0
DA:190,0
DA:191,0
DA:192,0
DA:193,0
DA:194,0
DA:195,0
DA:197,0
DA:198,0
DA:199,0
DA:200,0
DA:201,0
DA:202,0
DA:209,0
DA:211,0
DA:213,0
DA:216,0
DA:218,0
DA:219,0
DA:221,0
DA:222,0
DA:225,0
DA:229,0
DA:232,0
DA:234,0
DA:235,0
DA:237,0
DA:238,0
DA:239,0
DA:240,0
DA:241,0
DA:242,0
DA:243,0
DA:244,0
DA:245,0
DA:247,0
DA:248,0
DA:249,0
DA:250,0
DA:251,0
DA:252,0
DA:259,0
DA:261,0
DA:263,0
DA:266,0
DA:269,0
DA:271,0
DA:272,0
DA:273,0
DA:275,0
DA:276,0
DA:278,0
DA:279,0
DA:281,0
DA:285,0
DA:287,0
DA:288,0
DA:289,0
DA:291,0
DA:292,0
DA:293,0
DA:294,0
DA:295,0
DA:296,0
DA:297,0
DA:302,0
DA:305,0
DA:307,0
DA:308,0
DA:310,0
DA:311,0
DA:312,0
DA:313,0
DA:314,0
DA:315,0
DA:317,0
DA:318,0
DA:325,0
DA:327,0
DA:329,0
DA:330,0
DA:331,0
DA:332,0
DA:333,0
DA:334,0
DA:336,0
DA:337,0
DA:340,0
DA:342,0
DA:343,0
DA:344,0
DA:345,0
DA:346,0
DA:352,0
LF:177
LH:0
end_of_record
SF:lib\features\manage_privilege\data\data_sources\privilege_datasource.dart
DA:12,0
DA:16,0
DA:18,0
DA:19,0
DA:20,0
DA:21,0
DA:22,0
DA:24,0
DA:25,0
DA:29,0
DA:32,0
DA:33,0
DA:34,0
DA:35,0
DA:37,0
DA:39,0
DA:40,0
DA:44,0
DA:47,0
DA:48,0
DA:49,0
DA:51,0
DA:53,0
DA:56,0
DA:59,0
DA:61,0
DA:62,0
DA:63,0
DA:64,0
DA:65,0
DA:66,0
DA:69,0
LF:32
LH:0
end_of_record
SF:lib\features\manage_privilege\data\repositories\privilege_repository_impl.dart
DA:12,0
DA:16,0
DA:18,0
DA:21,0
DA:23,0
DA:26,0
DA:28,0
DA:31,0
DA:33,0
LF:9
LH:0
end_of_record
SF:lib\features\manage_privilege\domain\use_cases\add_level_usecase.dart
DA:11,0
DA:15,0
DA:17,0
DA:24,0
DA:26,0
LF:5
LH:0
end_of_record
SF:lib\features\manage_privilege\domain\use_cases\get_levels_usecase.dart
DA:12,0
DA:16,0
DA:18,0
LF:3
LH:0
end_of_record
SF:lib\features\manage_privilege\domain\use_cases\get_privilege_usecase.dart
DA:12,0
DA:16,0
DA:19,0
DA:26,0
DA:28,0
LF:5
LH:0
end_of_record
SF:lib\features\manage_privilege\domain\use_cases\update_privilege_usecase.dart
DA:12,0
DA:16,0
DA:18,0
DA:27,0
DA:33,0
DA:34,0
DA:35,0
DA:36,0
DA:37,0
DA:38,0
DA:39,0
DA:41,0
DA:42,0
DA:43,0
DA:44,0
LF:15
LH:0
end_of_record
SF:lib\features\manage_privilege\presentation\manager\privilege_cubit.dart
DA:23,0
DA:28,0
DA:35,0
DA:36,0
DA:38,0
DA:39,0
DA:40,0
DA:41,0
DA:42,0
DA:43,0
DA:44,0
DA:46,0
DA:47,0
DA:53,0
DA:55,0
DA:57,0
DA:58,0
DA:59,0
DA:60,0
DA:61,0
DA:62,0
DA:63,0
DA:64,0
DA:65,0
DA:66,0
DA:67,0
DA:69,0
DA:71,0
DA:78,0
DA:79,0
DA:81,0
DA:83,0
DA:84,0
DA:85,0
DA:86,0
DA:87,0
DA:88,0
DA:89,0
DA:90,0
DA:91,0
DA:92,0
DA:93,0
DA:99,0
DA:100,0
DA:105,0
DA:107,0
DA:108,0
DA:112,0
DA:114,0
DA:116,0
DA:121,0
DA:122,0
DA:124,0
DA:126,0
DA:127,0
DA:128,0
DA:131,0
DA:132,0
DA:134,0
DA:140,0
DA:141,0
DA:145,0
DA:146,0
DA:147,0
DA:148,0
DA:149,0
DA:151,0
DA:155,0
DA:156,0
DA:157,0
DA:158,0
DA:159,0
DA:161,0
DA:163,0
DA:165,0
DA:167,0
DA:170,0
DA:171,0
DA:172,0
DA:173,0
DA:174,0
DA:176,0
DA:177,0
DA:178,0
DA:179,0
DA:181,0
DA:185,0
DA:191,0
DA:192,0
DA:193,0
DA:194,0
DA:198,0
DA:200,0
DA:203,0
DA:207,0
DA:208,0
DA:209,0
DA:212,0
DA:213,0
DA:214,0
DA:217,0
DA:218,0
LF:102
LH:0
end_of_record
SF:lib\features\manage_privilege\presentation\manager\privilege_state.dart
DA:5,0
DA:25,0
DA:35,0
DA:36,0
DA:38,0
DA:39,0
DA:40,0
DA:41,0
DA:42,0
DA:43,0
DA:44,0
LF:11
LH:0
end_of_record
SF:lib\features\manage_users\data\data_sources\users_datasource.dart
DA:13,0
DA:15,0
DA:16,0
DA:17,0
DA:18,0
DA:20,0
DA:22,0
DA:23,0
DA:24,0
DA:30,0
DA:33,0
DA:37,0
DA:38,0
DA:40,0
DA:42,0
DA:44,0
DA:48,0
DA:51,0
DA:55,0
DA:56,0
DA:57,0
DA:58,0
DA:62,0
DA:64,0
DA:68,0
LF:25
LH:0
end_of_record
SF:lib\features\manage_users\data\repositories\users_repository_impl.dart
DA:11,0
DA:15,0
DA:17,0
DA:20,0
DA:25,0
DA:28,0
DA:32,0
LF:7
LH:0
end_of_record
SF:lib\features\manage_users\domain\use_cases\action_user_usecase.dart
DA:13,0
DA:17,0
DA:19,0
DA:20,0
DA:22,0
DA:41,0
DA:57,0
DA:58,0
DA:59,0
DA:60,0
DA:62,0
DA:63,0
DA:64,0
DA:65,0
DA:66,0
DA:67,0
DA:68,0
DA:69,0
DA:71,0
DA:72,0
DA:73,0
DA:74,0
DA:75,0
DA:76,0
DA:77,0
DA:78,0
DA:79,0
DA:80,0
DA:81,0
DA:84,0
DA:85,0
DA:87,0
DA:88,0
DA:91,0
LF:34
LH:0
end_of_record
SF:lib\features\manage_users\domain\use_cases\get_allusers_usecase.dart
DA:12,0
DA:16,0
DA:18,0
LF:3
LH:0
end_of_record
SF:lib\features\manage_users\presentation\manager\users_state.dart
DA:4,0
DA:18,0
DA:19,0
DA:20,0
DA:21,0
DA:22,0
DA:23,0
DA:24,0
DA:27,0
DA:34,0
DA:35,0
DA:36,0
DA:37,0
DA:38,0
DA:39,0
LF:15
LH:0
end_of_record
SF:lib\features\manage_users\presentation\manager\users_cubit.dart
DA:18,0
DA:22,0
DA:29,0
DA:30,0
DA:31,0
DA:33,0
DA:34,0
DA:35,0
DA:36,0
DA:37,0
DA:38,0
DA:39,0
DA:45,0
DA:46,0
DA:49,0
DA:50,0
DA:51,0
DA:54,0
DA:55,0
DA:57,0
DA:58,0
DA:59,0
DA:63,0
DA:69,0
DA:71,0
DA:73,0
DA:74,0
DA:75,0
DA:76,0
DA:77,0
DA:79,0
DA:80,0
DA:84,0
DA:85,0
DA:88,0
DA:90,0
DA:93,0
DA:94,0
DA:95,0
DA:96,0
DA:103,0
DA:108,0
DA:110,0
DA:112,0
DA:113,0
DA:118,0
DA:119,0
DA:120,0
DA:121,0
DA:123,0
LF:50
LH:0
end_of_record
SF:lib\features\manage_withdrawals\data\data_sources\manage_withdrawals_datasource.dart
DA:17,0
DA:21,0
DA:23,0
DA:24,0
DA:25,0
DA:26,0
DA:28,0
DA:29,0
DA:30,0
DA:31,0
DA:32,0
DA:38,0
DA:41,0
DA:43,0
DA:44,0
DA:45,0
DA:46,0
DA:48,0
DA:50,0
DA:51,0
DA:52,0
DA:58,0
DA:61,0
DA:62,0
DA:63,0
DA:65,0
DA:67,0
DA:68,0
DA:69,0
DA:70,0
DA:71,0
DA:77,0
DA:80,0
DA:82,0
DA:83,0
DA:84,0
DA:85,0
DA:88,0
DA:89,0
DA:90,0
DA:91,0
DA:92,0
DA:98,0
DA:101,0
DA:103,0
DA:104,0
DA:105,0
DA:106,0
DA:108,0
DA:109,0
DA:110,0
DA:111,0
DA:115,0
DA:118,0
DA:120,0
DA:121,0
DA:122,0
DA:123,0
DA:126,0
DA:127,0
DA:130,0
DA:133,0
DA:134,0
DA:135,0
DA:137,0
DA:138,0
DA:140,0
DA:141,0
DA:145,0
DA:148,0
DA:150,0
DA:151,0
DA:152,0
DA:153,0
DA:156,0
DA:159,0
DA:162,0
DA:164,0
DA:165,0
DA:166,0
DA:167,0
DA:172,0
DA:175,0
LF:83
LH:0
end_of_record
SF:lib\features\manage_withdrawals\data\repositories\manage_withdrawals_repository_impl.dart
DA:16,0
DA:20,0
DA:23,0
DA:26,0
DA:29,0
DA:32,0
DA:34,0
DA:37,0
DA:40,0
DA:43,0
DA:46,0
DA:49,0
DA:52,0
DA:55,0
DA:58,0
DA:61,0
DA:64,0
DA:67,0
DA:69,0
LF:19
LH:0
end_of_record
SF:lib\features\manage_withdrawals\domain\use_cases\add_reject_reason_usecase.dart
DA:11,0
DA:15,0
DA:17,0
DA:25,0
DA:30,0
DA:32,0
LF:6
LH:0
end_of_record
SF:lib\features\manage_withdrawals\domain\use_cases\edit_reject_reason_usecase.dart
DA:12,0
DA:16,0
DA:18,0
LF:3
LH:0
end_of_record
SF:lib\features\manage_withdrawals\domain\use_cases\get_reject_reasons_usecase.dart
DA:12,0
DA:16,0
DA:18,0
LF:3
LH:0
end_of_record
SF:lib\features\manage_withdrawals\domain\use_cases\get_user_series_usecase.dart
DA:12,0
DA:16,0
DA:19,0
DA:24,0
DA:28,0
LF:5
LH:0
end_of_record
SF:lib\features\manage_withdrawals\domain\use_cases\get_withdrawal_invoice_details_usecase.dart
DA:13,0
DA:17,0
DA:20,0
DA:25,0
DA:29,0
LF:5
LH:0
end_of_record
SF:lib\features\manage_withdrawals\domain\use_cases\get_withdrawals_invoices_usecase.dart
DA:12,0
DA:16,0
DA:18,0
LF:3
LH:0
end_of_record
SF:lib\features\manage_withdrawals\domain\use_cases\get_withdrawn_details_usecase.dart
DA:12,0
DA:16,0
DA:19,0
DA:24,0
DA:28,0
LF:5
LH:0
end_of_record
SF:lib\features\manage_withdrawals\domain\use_cases\set_approve_series_usecase.dart
DA:12,0
DA:16,0
DA:19,0
DA:24,0
DA:49,0
DA:50,0
DA:52,0
DA:53,0
DA:54,0
DA:55,0
DA:56,0
DA:57,0
DA:58,0
DA:59,0
LF:14
LH:0
end_of_record
SF:lib\features\manage_withdrawals\domain\use_cases\update_user_series_usecase.dart
DA:13,0
DA:17,0
DA:20,0
DA:25,0
DA:30,0
DA:31,0
DA:32,0
DA:33,0
DA:34,0
LF:9
LH:0
end_of_record
SF:lib\features\manage_withdrawals\presentation\manager\manage_withdrawals_state.dart
DA:4,0
DA:9,0
DA:11,0
DA:14,0
DA:15,0
DA:19,0
DA:49,0
DA:64,0
DA:65,0
DA:66,0
DA:67,0
DA:68,0
DA:69,0
DA:70,0
DA:71,0
DA:72,0
DA:73,0
DA:74,0
DA:75,0
DA:76,0
DA:77,0
LF:21
LH:0
end_of_record
SF:lib\features\manage_withdrawals\presentation\manager\manage_withdrawals_cubit.dart
DA:36,0
DA:47,0
DA:60,0
DA:61,0
DA:63,0
DA:64,0
DA:68,0
DA:70,0
DA:71,0
DA:72,0
DA:73,0
DA:74,0
DA:75,0
DA:80,0
DA:82,0
DA:84,0
DA:85,0
DA:86,0
DA:87,0
DA:88,0
DA:89,0
DA:90,0
DA:91,0
DA:93,0
DA:94,0
DA:96,0
DA:97,0
DA:98,0
DA:99,0
DA:100,0
DA:103,0
DA:104,0
DA:105,0
DA:106,0
DA:114,0
DA:115,0
DA:117,0
DA:118,0
DA:119,0
DA:120,0
DA:123,0
DA:125,0
DA:126,0
DA:127,0
DA:128,0
DA:129,0
DA:134,0
DA:135,0
DA:137,0
DA:138,0
DA:141,0
DA:142,0
DA:143,0
DA:144,0
DA:145,0
DA:146,0
DA:148,0
DA:151,0
DA:155,0
DA:157,0
DA:158,0
DA:161,0
DA:162,0
DA:164,0
DA:165,0
DA:166,0
DA:167,0
DA:168,0
DA:170,0
DA:172,0
DA:173,0
DA:175,0
DA:176,0
DA:177,0
DA:178,0
DA:179,0
DA:180,0
DA:182,0
DA:187,0
DA:190,0
DA:192,0
DA:193,0
DA:194,0
DA:196,0
DA:200,0
DA:201,0
DA:202,0
DA:203,0
DA:204,0
DA:206,0
DA:209,0
DA:212,0
DA:213,0
DA:215,0
DA:217,0
DA:218,0
DA:219,0
DA:220,0
DA:221,0
DA:223,0
DA:228,0
DA:229,0
DA:231,0
DA:232,0
DA:234,0
DA:235,0
DA:236,0
DA:237,0
DA:238,0
DA:239,0
DA:240,0
DA:245,0
DA:247,0
DA:249,0
DA:251,0
DA:252,0
DA:253,0
DA:254,0
DA:256,0
DA:258,0
DA:259,0
DA:261,0
DA:264,0
DA:265,0
DA:267,0
DA:269,0
DA:270,0
DA:271,0
DA:277,0
DA:278,0
DA:279,0
DA:280,0
DA:281,0
DA:282,0
DA:283,0
DA:286,0
DA:291,0
DA:292,0
DA:295,0
DA:296,0
DA:298,0
DA:300,0
DA:301,0
DA:302,0
DA:303,0
DA:305,0
DA:306,0
DA:307,0
DA:309,0
DA:310,0
DA:312,0
DA:313,0
DA:314,0
DA:316,0
DA:322,0
DA:325,0
DA:328,0
DA:331,0
DA:332,0
DA:333,0
DA:334,0
DA:335,0
DA:338,0
DA:340,0
DA:341,0
DA:345,0
DA:347,0
DA:348,0
DA:351,0
DA:352,0
DA:353,0
DA:355,0
DA:356,0
DA:357,0
DA:358,0
DA:359,0
DA:363,0
DA:365,0
DA:367,0
DA:369,0
DA:371,0
DA:372,0
DA:373,0
DA:375,0
DA:376,0
DA:377,0
DA:378,0
DA:380,0
DA:381,0
DA:383,0
DA:384,0
DA:386,0
DA:388,0
DA:389,0
DA:392,0
DA:393,0
DA:394,0
DA:397,0
LF:198
LH:0
end_of_record
SF:lib\features\task_management\data\data_sources\task_datasource.dart
DA:15,0
DA:19,0
DA:20,0
DA:21,0
DA:22,0
DA:23,0
DA:24,0
DA:25,0
DA:27,0
DA:28,0
DA:31,0
DA:33,0
DA:34,0
DA:36,0
DA:39,0
DA:42,0
DA:44,0
DA:45,0
DA:47,0
DA:48,0
DA:49,0
DA:50,0
DA:51,0
DA:52,0
DA:53,0
DA:55,0
DA:56,0
DA:57,0
DA:61,0
DA:64,0
DA:66,0
DA:67,0
DA:68,0
DA:69,0
DA:70,0
DA:71,0
DA:74,0
DA:77,0
DA:79,0
DA:80,0
DA:81,0
DA:82,0
DA:84,0
DA:86,0
DA:87,0
DA:88,0
DA:89,0
DA:90,0
DA:91,0
DA:95,0
LF:50
LH:0
end_of_record
SF:lib\features\task_management\data\repositories\task_repository_impl.dart
DA:13,0
DA:17,0
DA:19,0
DA:22,0
DA:25,0
DA:28,0
DA:31,0
DA:34,0
DA:37,0
DA:38,0
LF:10
LH:0
end_of_record
SF:lib\features\task_management\domain\use_cases\add_task_usecase.dart
DA:16,0
DA:20,0
DA:22,0
DA:46,0
DA:67,0
DA:68,0
DA:69,0
DA:70,0
DA:72,0
DA:73,0
DA:74,0
DA:75,0
DA:76,0
DA:77,0
DA:78,0
DA:79,0
DA:80,0
DA:81,0
DA:83,0
DA:86,0
DA:87,0
DA:88,0
DA:89,0
DA:90,0
DA:91,0
DA:92,0
DA:93,0
DA:94,0
DA:95,0
DA:96,0
DA:99,0
DA:100,0
DA:101,0
DA:102,0
DA:103,0
DA:104,0
LF:36
LH:0
end_of_record
SF:lib\features\task_management\domain\use_cases\change_status_usecase.dart
DA:10,0
DA:14,0
DA:16,0
DA:21,0
DA:27,0
DA:28,0
DA:29,0
LF:7
LH:0
end_of_record
SF:lib\features\task_management\domain\use_cases\filter_tasks_usecase.dart
DA:11,0
DA:15,0
DA:18,0
DA:22,0
DA:54,0
DA:55,0
DA:56,0
DA:57,0
DA:58,0
DA:60,0
DA:62,0
DA:63,0
DA:64,0
DA:65,0
DA:66,0
DA:67,0
DA:68,0
DA:69,0
DA:70,0
DA:71,0
DA:73,0
DA:74,0
DA:75,0
DA:76,0
DA:77,0
DA:78,0
DA:79,0
DA:80,0
DA:81,0
DA:82,0
DA:83,0
DA:84,0
LF:32
LH:0
end_of_record
SF:lib\features\task_management\domain\use_cases\get_users_by_department_and_region_usecase.dart
DA:13,0
DA:17,0
DA:20,0
DA:25,0
DA:30,0
DA:31,0
DA:32,0
DA:33,0
LF:8
LH:0
end_of_record
SF:lib\features\task_management\presentation\manager\task_state.dart
DA:5,0
DA:57,0
DA:85,0
DA:86,0
DA:87,0
DA:90,0
DA:91,0
DA:92,0
DA:93,0
DA:94,0
DA:95,0
DA:96,0
DA:97,0
DA:98,0
DA:99,0
DA:100,0
DA:101,0
DA:102,0
DA:106,0
DA:107,0
DA:111,0
DA:112,0
DA:116,0
DA:117,0
DA:121,0
DA:122,0
DA:126,0
DA:127,0
DA:131,0
DA:132,0
DA:136,0
DA:137,0
DA:141,0
DA:142,0
DA:144,0
DA:145,0
DA:147,0
DA:148,0
DA:150,0
DA:151,0
DA:171,0
DA:173,0
DA:175,0
DA:177,0
DA:179,0
DA:184,0
DA:186,0
DA:188,0
DA:190,0
DA:192,0
DA:197,0
DA:199,0
DA:201,0
DA:203,0
DA:205,0
DA:210,0
DA:212,0
DA:214,0
DA:216,0
DA:218,0
DA:304,0
DA:306,0
DA:308,0
DA:310,0
DA:312,0
DA:314,0
DA:316,0
DA:318,0
DA:320,0
DA:322,0
DA:324,0
DA:326,0
DA:328,0
DA:330,0
DA:332,0
DA:334,0
DA:336,0
DA:338,0
DA:340,0
DA:342,0
DA:344,0
DA:346,0
DA:351,0
DA:353,0
DA:355,0
DA:357,0
DA:359,0
DA:361,0
DA:363,0
DA:365,0
DA:367,0
DA:369,0
DA:371,0
DA:373,0
DA:375,0
DA:377,0
DA:379,0
DA:381,0
DA:383,0
DA:385,0
DA:387,0
DA:389,0
DA:391,0
DA:393,0
LF:104
LH:0
end_of_record
SF:lib\features\task_management\presentation\manager\task_cubit.dart
DA:29,0
DA:33,0
DA:35,0
DA:37,0
DA:40,0
DA:41,0
DA:44,0
DA:45,0
DA:48,0
DA:49,0
DA:52,0
DA:53,0
DA:56,0
DA:58,0
DA:61,0
DA:62,0
DA:65,0
DA:78,0
DA:80,0
DA:85,0
DA:86,0
DA:87,0
DA:88,0
DA:90,0
DA:91,0
DA:92,0
DA:94,0
DA:95,0
DA:96,0
DA:99,0
DA:106,0
DA:107,0
DA:108,0
DA:109,0
DA:110,0
DA:111,0
DA:117,0
DA:118,0
DA:120,0
DA:121,0
DA:122,0
DA:123,0
DA:124,0
DA:125,0
DA:126,0
DA:127,0
DA:128,0
DA:129,0
DA:130,0
DA:131,0
DA:134,0
DA:135,0
DA:136,0
DA:137,0
DA:138,0
DA:139,0
DA:141,0
DA:142,0
DA:144,0
DA:146,0
DA:147,0
DA:154,0
DA:155,0
DA:157,0
DA:158,0
DA:162,0
DA:163,0
DA:168,0
DA:169,0
DA:172,0
DA:173,0
DA:176,0
DA:177,0
DA:180,0
DA:181,0
DA:184,0
DA:185,0
DA:188,0
DA:189,0
DA:192,0
DA:193,0
DA:196,0
DA:197,0
DA:200,0
DA:201,0
DA:204,0
DA:205,0
DA:208,0
DA:209,0
DA:212,0
DA:213,0
DA:214,0
DA:217,0
DA:218,0
DA:221,0
DA:223,0
DA:224,0
DA:225,0
DA:226,0
DA:230,0
DA:231,0
DA:232,0
DA:233,0
DA:234,0
DA:235,0
DA:236,0
DA:239,0
DA:240,0
DA:241,0
DA:242,0
DA:244,0
DA:246,0
DA:249,0
DA:250,0
DA:251,0
DA:252,0
DA:254,0
DA:256,0
DA:258,0
DA:260,0
DA:267,0
DA:268,0
DA:269,0
DA:272,0
DA:274,0
DA:275,0
LF:126
LH:0
end_of_record
SF:lib\view_model\user_vm_provider.dart
DA:29,0
DA:31,0
DA:33,0
DA:35,0
DA:37,0
DA:39,0
DA:41,0
DA:43,0
DA:45,0
DA:47,0
DA:72,0
DA:73,0
DA:74,0
DA:76,0
DA:78,0
DA:79,0
DA:82,0
DA:84,0
DA:85,0
DA:88,0
DA:89,0
DA:93,0
DA:98,0
DA:99,0
DA:100,0
DA:102,0
DA:104,0
DA:105,0
DA:125,0
DA:126,0
DA:127,0
DA:128,0
DA:129,0
DA:130,0
DA:131,0
DA:134,0
DA:135,0
DA:136,0
DA:139,0
DA:142,0
DA:143,0
DA:144,0
DA:145,0
DA:146,0
DA:147,0
DA:148,0
DA:149,0
DA:150,0
DA:151,0
DA:152,0
DA:153,0
DA:154,0
DA:157,0
DA:160,0
DA:162,0
DA:165,0
DA:166,0
DA:167,0
DA:168,0
DA:169,0
DA:178,0
DA:179,0
DA:181,0
DA:182,0
DA:183,0
DA:184,0
DA:185,0
DA:186,0
DA:188,0
DA:192,0
DA:194,0
DA:197,0
DA:199,0
DA:200,0
DA:206,0
DA:207,0
DA:209,0
DA:210,0
DA:211,0
DA:213,0
DA:214,0
DA:215,0
DA:216,0
DA:217,0
DA:218,0
DA:220,0
DA:221,0
DA:223,0
DA:224,0
DA:225,0
DA:226,0
DA:228,0
DA:229,0
DA:233,0
DA:236,0
DA:237,0
DA:242,0
DA:245,0
DA:246,0
DA:248,0
DA:251,0
DA:252,0
DA:254,0
DA:255,0
DA:259,0
DA:260,0
DA:261,0
DA:262,0
DA:264,0
DA:265,0
DA:266,0
DA:270,0
DA:271,0
DA:275,0
DA:277,0
DA:278,0
DA:279,0
DA:281,0
DA:282,0
DA:283,0
DA:284,0
DA:285,0
DA:286,0
DA:287,0
DA:288,0
DA:289,0
DA:290,0
DA:291,0
DA:292,0
DA:293,0
DA:294,0
DA:295,0
DA:296,0
DA:297,0
DA:298,0
DA:299,0
DA:300,0
DA:301,0
DA:302,0
DA:303,0
DA:304,0
DA:305,0
DA:306,0
DA:307,0
DA:308,0
DA:309,0
DA:310,0
DA:311,0
DA:312,0
DA:313,0
DA:314,0
DA:315,0
DA:316,0
DA:317,0
DA:318,0
DA:319,0
DA:320,0
DA:321,0
DA:322,0
DA:323,0
DA:324,0
DA:325,0
DA:326,0
DA:329,0
DA:330,0
DA:331,0
DA:332,0
DA:333,0
DA:334,0
DA:335,0
DA:336,0
DA:337,0
DA:338,0
DA:339,0
DA:340,0
DA:341,0
DA:342,0
DA:343,0
DA:344,0
DA:345,0
DA:346,0
DA:347,0
DA:348,0
DA:349,0
DA:350,0
DA:351,0
DA:352,0
DA:353,0
DA:354,0
DA:355,0
DA:356,0
DA:357,0
DA:358,0
DA:359,0
DA:360,0
DA:361,0
DA:362,0
DA:363,0
DA:364,0
DA:365,0
DA:366,0
DA:367,0
DA:368,0
DA:369,0
DA:370,0
DA:371,0
DA:372,0
DA:373,0
DA:377,0
DA:378,0
DA:379,0
DA:380,0
DA:381,0
DA:382,0
DA:383,0
DA:384,0
DA:385,0
DA:386,0
DA:387,0
DA:388,0
DA:389,0
DA:390,0
DA:391,0
DA:392,0
DA:393,0
DA:394,0
DA:395,0
DA:396,0
DA:397,0
DA:398,0
DA:399,0
DA:400,0
DA:401,0
DA:402,0
DA:403,0
LF:235
LH:0
end_of_record
SF:lib\core\utils\extensions\build_context.dart
DA:6,0
DA:7,0
DA:8,0
DA:12,0
DA:13,0
DA:14,0
LF:6
LH:0
end_of_record
SF:lib\core\utils\extensions\num.dart
DA:3,0
LF:1
LH:0
end_of_record
SF:lib\core\utils\responsive_padding.dart
DA:6,0
DA:7,0
DA:8,0
DA:9,0
DA:10,0
DA:18,0
DA:22,0
DA:27,0
DA:29,0
DA:30,0
DA:31,0
DA:38,0
DA:39,0
DA:51,0
DA:63,0
DA:66,0
DA:78,0
DA:83,0
DA:84,0
DA:85,0
DA:86,0
DA:87,0
DA:102,0
DA:114,0
DA:119,0
DA:120,0
DA:121,0
DA:122,0
DA:123,0
DA:127,0
DA:132,0
DA:133,0
DA:134,0
DA:135,0
DA:136,0
LF:35
LH:0
end_of_record
SF:lib\core\utils\theme_state.dart
DA:4,0
DA:5,0
DA:6,0
LF:3
LH:0
end_of_record
SF:lib\features\app\data\models\update_config.dart
DA:20,0
DA:22,0
DA:24,0
DA:25,0
DA:28,0
DA:29,0
LF:6
LH:0
end_of_record
SF:lib\features\app\data\models\update_config.g.dart
DA:9,0
DA:10,0
DA:11,0
DA:12,0
DA:13,0
DA:15,0
DA:17,0
DA:20,0
DA:21,0
DA:22,0
DA:23,0
DA:24,0
DA:25,0
DA:26,0
LF:14
LH:0
end_of_record
SF:lib\features\app\presentation\widgets\app_drop_down.dart
DA:13,0
DA:36,0
DA:59,0
DA:61,0
DA:63,0
DA:64,0
DA:65,0
DA:66,0
DA:67,0
DA:69,0
DA:71,0
DA:73,0
DA:74,0
DA:75,0
DA:77,0
DA:81,0
DA:82,0
DA:85,0
DA:86,0
DA:88,0
DA:90,0
DA:91,0
DA:92,0
DA:94,0
DA:97,0
DA:98,0
DA:99,0
DA:100,0
DA:101,0
DA:102,0
DA:104,0
DA:105,0
DA:106,0
DA:108,0
DA:112,0
DA:113,0
DA:114,0
DA:115,0
DA:117,0
DA:120,0
DA:122,0
DA:123,0
DA:124,0
DA:126,0
DA:127,0
DA:128,0
DA:129,0
DA:132,0
DA:133,0
DA:134,0
DA:136,0
DA:137,0
DA:139,0
DA:140,0
DA:141,0
DA:143,0
DA:144,0
DA:145,0
DA:147,0
DA:148,0
DA:149,0
DA:151,0
DA:152,0
DA:153,0
DA:155,0
DA:156,0
DA:157,0
DA:159,0
DA:160,0
DA:161,0
DA:163,0
DA:164,0
DA:165,0
LF:73
LH:0
end_of_record
SF:lib\features\app\presentation\widgets\app_text.dart
DA:5,2
DA:43,0
DA:45,0
DA:46,0
DA:47,0
DA:52,0
DA:55,0
DA:56,0
DA:60,0
DA:61,0
DA:62,0
DA:63,0
DA:64,0
DA:65,0
DA:66,0
DA:67,0
DA:68,0
DA:69,0
DA:70,0
DA:71,0
DA:72,0
LF:21
LH:1
end_of_record
SF:lib\features\app\presentation\widgets\app_elvated_button.dart
DA:17,0
DA:28,0
DA:40,0
DA:41,0
DA:47,0
DA:49,0
DA:51,0
DA:53,0
DA:55,0
DA:56,0
DA:57,0
DA:59,0
DA:60,0
DA:63,0
DA:65,0
DA:67,0
DA:68,0
DA:69,0
DA:70,0
DA:71,0
DA:72,0
DA:73,0
DA:74,0
DA:85,0
DA:86,0
DA:88,0
DA:90,0
DA:91,0
DA:92,0
DA:93,0
DA:99,0
DA:101,0
DA:102,0
DA:103,0
DA:104,0
DA:108,0
DA:109,0
DA:111,0
DA:112,0
DA:113,0
DA:115,0
DA:117,0
DA:118,0
DA:119,0
DA:122,0
DA:123,0
DA:124,0
DA:125,0
DA:126,0
DA:127,0
DA:131,0
DA:133,0
LF:52
LH:0
end_of_record
SF:lib\features\app\presentation\widgets\app_loader_widget\spinkit_circle.dart
DA:4,0
DA:6,0
DA:8,0
DA:9,0
DA:10,0
LF:5
LH:0
end_of_record
SF:lib\features\app\presentation\widgets\app_loader_widget\spinkit_three_bounce.dart
DA:4,0
DA:6,0
DA:8,0
DA:9,0
DA:10,0
LF:5
LH:0
end_of_record
SF:lib\features\app\presentation\widgets\app_loader_widget\spinkit_three_bounce_editing.dart
DA:4,0
DA:6,0
DA:8,0
DA:9,0
DA:10,0
LF:5
LH:0
end_of_record
SF:lib\features\app\presentation\widgets\app_loader_widget\app_loader.dart
DA:16,1
DA:20,0
DA:31,0
DA:33,0
DA:34,0
DA:35,0
LF:6
LH:1
end_of_record
SF:lib\features\app\presentation\widgets\app_loader_widget\edited_spinkit_three_bounce.dart
DA:7,0
DA:14,0
DA:16,0
DA:24,0
DA:25,0
DA:31,0
DA:33,0
DA:35,0
DA:38,0
DA:40,0
DA:41,0
DA:43,0
DA:46,0
DA:48,0
DA:49,0
DA:50,0
DA:51,0
DA:53,0
DA:54,0
DA:55,0
DA:56,0
DA:64,0
DA:65,0
DA:66,0
DA:67,0
DA:68,0
DA:70,0
DA:74,0
DA:78,0
DA:79,0
DA:81,0
DA:82,0
LF:32
LH:0
end_of_record
SF:lib\features\app\presentation\widgets\app_scaffold.dart
DA:5,0
DA:32,0
DA:34,0
DA:36,0
DA:37,0
DA:38,0
DA:39,0
DA:40,0
DA:41,0
DA:42,0
DA:43,0
DA:44,0
DA:45,0
DA:46,0
DA:47,0
DA:48,0
DA:49,0
DA:50,0
DA:51,0
DA:52,0
DA:53,0
DA:54,0
DA:55,0
DA:56,0
DA:57,0
DA:58,0
DA:59,0
DA:60,0
DA:61,0
LF:29
LH:0
end_of_record
SF:lib\features\app\presentation\widgets\app_text_button.dart
DA:10,0
DA:19,0
DA:29,0
DA:30,0
DA:36,0
DA:38,0
DA:40,0
DA:42,0
DA:44,0
DA:45,0
DA:46,0
DA:48,0
DA:49,0
DA:52,0
DA:54,0
DA:56,0
DA:57,0
DA:58,0
DA:59,0
DA:60,0
DA:61,0
DA:62,0
DA:63,0
DA:64,0
DA:65,0
DA:71,0
DA:72,0
DA:74,0
DA:76,0
DA:77,0
DA:78,0
DA:79,0
DA:85,0
DA:87,0
DA:90,0
DA:91,0
DA:93,0
DA:94,0
DA:95,0
DA:96,0
DA:100,0
DA:101,0
DA:102,0
DA:103,0
DA:107,0
DA:109,0
LF:46
LH:0
end_of_record
SF:lib\features\app\presentation\widgets\app_text_field.dart.dart
DA:12,0
DA:70,0
DA:129,0
DA:130,0
DA:132,0
DA:133,0
DA:142,0
DA:144,0
DA:145,0
DA:148,0
DA:150,0
DA:152,0
DA:153,0
DA:154,0
DA:155,0
DA:156,0
DA:158,0
DA:160,0
DA:161,0
DA:162,0
DA:163,0
DA:164,0
DA:165,0
DA:166,0
DA:167,0
DA:168,0
DA:169,0
DA:170,0
DA:171,0
DA:172,0
DA:173,0
DA:174,0
DA:175,0
DA:176,0
DA:177,0
DA:178,0
DA:179,0
DA:180,0
DA:181,0
DA:182,0
DA:183,0
DA:185,0
DA:186,0
DA:187,0
DA:188,0
DA:189,0
DA:190,0
DA:191,0
DA:192,0
DA:193,0
DA:194,0
DA:195,0
DA:196,0
DA:197,0
DA:198,0
DA:199,0
DA:200,0
DA:201,0
DA:203,0
DA:205,0
DA:206,0
DA:207,0
DA:209,0
DA:211,0
DA:212,0
DA:213,0
DA:214,0
DA:215,0
DA:217,0
DA:219,0
DA:220,0
DA:221,0
DA:222,0
DA:224,0
DA:226,0
DA:227,0
DA:228,0
DA:229,0
DA:231,0
DA:233,0
DA:234,0
DA:235,0
DA:236,0
DA:238,0
DA:240,0
DA:241,0
DA:242,0
DA:243,0
DA:245,0
DA:247,0
DA:248,0
DA:249,0
DA:250,0
DA:252,0
DA:254,0
DA:255,0
DA:256,0
DA:257,0
DA:258,0
DA:259,0
DA:260,0
DA:261,0
DA:262,0
DA:263,0
DA:265,0
DA:266,0
DA:268,0
DA:269,0
DA:277,0
DA:278,0
DA:279,0
DA:280,0
LF:112
LH:0
end_of_record
SF:lib\features\app\presentation\widgets\smart_crm_app_bar\smart_crm_appbar.dart
DA:11,0
DA:14,0
DA:18,0
DA:20,0
DA:21,0
DA:22,0
DA:23,0
DA:24,0
DA:25,0
DA:26,0
DA:27,0
DA:28,0
DA:29,0
DA:30,0
DA:34,0
DA:37,0
DA:38,0
DA:39,0
DA:40,0
DA:41,0
DA:42,0
DA:43,0
DA:48,0
DA:49,0
DA:50,0
DA:51,0
DA:52,0
DA:54,0
DA:55,0
DA:57,0
LF:30
LH:0
end_of_record
SF:lib\features\app\presentation\widgets\smart_crm_app_bar\app_bar_params.dart
DA:4,0
DA:44,0
DA:46,0
LF:3
LH:0
end_of_record
SF:lib\features\clients_list\data\models\recommended_client.dart
DA:7,0
DA:9,0
DA:20,0
LF:3
LH:0
end_of_record
SF:lib\features\clients_list\data\models\recommended_client.g.dart
DA:9,0
DA:11,0
DA:12,0
DA:13,0
DA:16,0
DA:18,0
DA:19,0
DA:20,0
LF:8
LH:0
end_of_record
SF:lib\model\similar_client.dart
DA:5,0
DA:19,0
DA:20,0
DA:21,0
DA:22,0
DA:23,0
DA:24,0
DA:27,0
DA:28,0
DA:29,0
DA:30,0
DA:31,0
DA:32,0
DA:33,0
LF:14
LH:0
end_of_record
SF:lib\model\usermodel.dart
DA:38,0
DA:101,0
DA:102,0
DA:103,0
DA:104,0
DA:106,0
DA:107,0
DA:108,0
DA:109,0
DA:110,0
DA:111,0
DA:112,0
DA:113,0
DA:114,0
DA:115,0
DA:116,0
DA:117,0
DA:118,0
DA:119,0
DA:120,0
DA:121,0
DA:122,0
DA:123,0
DA:124,0
DA:125,0
DA:126,0
DA:127,0
DA:128,0
DA:129,0
DA:134,0
DA:135,0
DA:136,0
DA:137,0
DA:138,0
DA:139,0
DA:140,0
DA:141,0
DA:142,0
DA:143,0
DA:144,0
DA:145,0
DA:146,0
DA:147,0
DA:148,0
DA:149,0
DA:150,0
DA:151,0
DA:152,0
DA:153,0
DA:154,0
DA:155,0
DA:156,0
DA:157,0
DA:158,0
DA:159,0
DA:163,0
DA:165,0
DA:166,0
DA:168,0
DA:172,0
DA:179,0
DA:180,0
DA:185,0
DA:186,0
DA:197,0
DA:205,0
DA:206,0
DA:207,0
DA:208,0
DA:209,0
DA:210,0
DA:211,0
DA:215,0
DA:216,0
DA:217,0
DA:218,0
DA:219,0
DA:220,0
DA:221,0
DA:225,0
DA:226,0
DA:227,0
DA:228,0
DA:229,0
LF:84
LH:0
end_of_record
SF:lib\features\communication_list\data\models\distinctive_client.dart
DA:7,0
DA:9,0
DA:32,0
LF:3
LH:0
end_of_record
SF:lib\features\communication_list\data\models\distinctive_client.g.dart
DA:9,0
DA:11,0
DA:12,0
DA:14,0
DA:15,0
DA:16,0
DA:17,0
DA:18,0
DA:19,0
DA:20,0
DA:21,0
DA:24,0
DA:26,0
DA:27,0
DA:28,0
DA:29,0
DA:30,0
DA:31,0
DA:32,0
DA:33,0
DA:34,0
LF:21
LH:0
end_of_record
SF:lib\features\company\data\models\company_com_model.dart
DA:14,0
DA:26,0
DA:27,0
DA:28,0
DA:29,0
DA:30,0
DA:31,0
DA:33,0
DA:34,0
DA:35,0
LF:10
LH:0
end_of_record
SF:lib\features\links\data\models\link_model.dart
DA:13,0
DA:23,0
DA:24,0
DA:25,0
DA:26,0
DA:28,0
DA:29,0
DA:30,0
DA:31,0
DA:36,0
DA:37,0
DA:38,0
DA:39,0
DA:41,0
DA:42,0
DA:43,0
DA:44,0
LF:17
LH:0
end_of_record
SF:lib\features\manage_participates\data\models\participatModel.dart
DA:4,0
DA:30,0
DA:31,0
DA:32,0
DA:33,0
DA:34,0
DA:35,0
DA:36,0
DA:37,0
DA:38,0
DA:39,0
DA:40,0
DA:41,0
DA:42,0
DA:46,0
DA:47,0
DA:48,0
DA:49,0
DA:50,0
DA:51,0
DA:52,0
DA:53,0
DA:54,0
DA:55,0
DA:56,0
DA:57,0
DA:58,0
DA:63,0
DA:64,0
DA:65,0
DA:66,0
DA:67,0
DA:70,0
DA:72,0
DA:73,0
DA:74,0
DA:75,0
DA:76,0
DA:77,0
DA:78,0
DA:79,0
DA:80,0
DA:81,0
DA:82,0
DA:83,0
LF:45
LH:0
end_of_record
SF:lib\features\manage_participates\data\models\participate_client_model.dart
DA:21,0
DA:37,0
DA:38,0
DA:39,0
DA:40,0
DA:41,0
DA:42,0
DA:43,0
DA:44,0
DA:45,0
DA:46,0
DA:47,0
DA:49,0
DA:50,0
DA:51,0
DA:52,0
DA:54,0
DA:55,0
DA:57,0
DA:58,0
DA:59,0
DA:60,0
DA:61,0
DA:62,0
DA:63,0
DA:64,0
DA:65,0
DA:66,0
DA:67,0
DA:68,0
DA:69,0
DA:70,0
DA:71,0
DA:72,0
DA:76,0
DA:77,0
LF:36
LH:0
end_of_record
SF:lib\features\manage_participates\presentation\manager\participate_list_event.dart
DA:17,0
DA:23,0
DA:27,0
DA:28,0
DA:34,0
DA:36,0
DA:37,0
DA:45,0
DA:47,0
DA:48,0
DA:55,0
DA:57,0
DA:58,0
DA:63,0
DA:64,0
DA:65,0
DA:70,0
DA:71,0
DA:72,0
DA:96,0
DA:101,0
DA:102,0
DA:108,0
DA:110,0
DA:111,0
DA:118,0
DA:123,0
DA:124,0
DA:130,0
DA:132,0
DA:133,0
DA:140,0
DA:141,0
DA:142,0
DA:148,0
DA:151,0
DA:152,0
DA:154,0
DA:161,0
DA:164,0
DA:165,0
LF:41
LH:0
end_of_record
SF:lib\features\manage_participates\presentation\manager\participate_list_state.dart
DA:14,0
DA:47,0
DA:48,0
DA:49,0
DA:50,0
DA:51,0
DA:52,0
DA:53,0
DA:54,0
DA:55,0
DA:56,0
DA:57,0
DA:58,0
DA:59,0
DA:60,0
DA:61,0
DA:62,0
DA:63,0
DA:65,0
DA:81,0
DA:82,0
DA:83,0
DA:85,0
DA:86,0
DA:87,0
DA:89,0
DA:91,0
DA:93,0
DA:95,0
DA:96,0
DA:97,0
DA:99,0
DA:101,0
DA:102,0
LF:34
LH:0
end_of_record
SF:lib\features\manage_privilege\data\models\level_model.dart
DA:18,0
LF:1
LH:0
end_of_record
SF:lib\features\manage_privilege\data\models\level_model.g.dart
DA:9,0
DA:10,0
DA:11,0
DA:12,0
DA:13,0
DA:16,0
DA:17,0
DA:18,0
DA:19,0
DA:20,0
LF:10
LH:0
end_of_record
SF:lib\features\manage_privilege\data\models\privilege_model.dart
DA:19,0
DA:21,0
DA:23,0
DA:24,0
LF:4
LH:0
end_of_record
SF:lib\features\manage_privilege\data\models\privilege_model.g.dart
DA:9,0
DA:10,0
DA:11,0
DA:12,0
DA:13,0
DA:14,0
DA:15,0
DA:16,0
DA:17,0
DA:20,0
DA:22,0
DA:23,0
DA:24,0
DA:25,0
DA:26,0
DA:27,0
DA:28,0
DA:29,0
LF:18
LH:0
end_of_record
SF:lib\features\task_management\data\models\user_region_department.dart
DA:11,0
DA:13,0
DA:32,0
DA:44,0
DA:56,0
LF:5
LH:0
end_of_record
SF:lib\features\task_management\data\models\user_region_department.g.dart
DA:9,0
DA:11,0
DA:12,0
DA:13,0
DA:14,0
DA:15,0
DA:16,0
DA:18,0
DA:19,0
DA:21,0
DA:24,0
DA:26,0
DA:27,0
DA:28,0
DA:29,0
DA:30,0
DA:31,0
DA:32,0
DA:35,0
DA:36,0
DA:37,0
DA:38,0
DA:41,0
DA:42,0
DA:43,0
DA:44,0
DA:47,0
DA:48,0
DA:49,0
DA:50,0
DA:53,0
DA:54,0
DA:55,0
DA:56,0
LF:34
LH:0
end_of_record
SF:lib\features\manage_withdrawals\data\models\reject_reason.dart
DA:7,0
DA:9,0
DA:20,0
LF:3
LH:0
end_of_record
SF:lib\features\manage_withdrawals\data\models\reject_reason.g.dart
DA:9,0
DA:10,0
DA:11,0
DA:12,0
DA:15,0
DA:16,0
DA:17,0
DA:18,0
LF:8
LH:0
end_of_record
SF:lib\features\manage_withdrawals\data\models\invoice_withdrawal_series_model.dart
DA:5,0
DA:6,0
DA:8,0
DA:9,0
DA:21,0
DA:32,0
DA:33,0
DA:34,0
DA:35,0
DA:36,0
DA:37,0
DA:38,0
DA:39,0
DA:40,0
DA:41,0
DA:42,0
DA:45,0
DA:46,0
DA:47,0
DA:48,0
DA:49,0
DA:50,0
DA:51,0
DA:52,0
DA:55,0
DA:64,0
DA:65,0
DA:66,0
DA:67,0
DA:68,0
DA:69,0
DA:70,0
DA:71,0
DA:75,0
DA:78,0
DA:79,0
DA:80,0
DA:81,0
DA:82,0
DA:83,0
DA:84,0
DA:85,0
DA:86,0
DA:88,0
DA:90,0
DA:91,0
DA:92,0
DA:93,0
DA:94,0
DA:95,0
DA:96,0
LF:51
LH:0
end_of_record
SF:lib\features\manage_withdrawals\data\models\user_series.dart
DA:3,0
DA:5,0
DA:14,0
DA:22,0
DA:23,0
DA:24,0
DA:25,0
DA:26,0
DA:27,0
DA:30,0
DA:31,0
DA:32,0
DA:33,0
DA:34,0
DA:35,0
LF:15
LH:0
end_of_record
SF:lib\features\manage_withdrawals\data\models\withdrawn_details_model.dart
DA:13,0
DA:25,0
DA:26,0
DA:27,0
DA:28,0
DA:29,0
DA:30,0
DA:31,0
DA:32,0
DA:33,0
DA:34,0
DA:37,0
DA:38,0
DA:39,0
DA:40,0
DA:41,0
DA:42,0
DA:43,0
DA:44,0
DA:45,0
DA:46,0
DA:49,0
DA:60,0
DA:61,0
DA:62,0
DA:63,0
DA:64,0
DA:65,0
DA:66,0
DA:67,0
DA:68,0
DA:69,0
LF:32
LH:0
end_of_record
SF:lib\features\manage_withdrawals\presentation\utils\withdrawal_status.dart
DA:10,0
DA:12,0
DA:14,0
DA:16,0
DA:21,0
DA:23,0
DA:25,0
DA:27,0
DA:32,0
DA:34,0
DA:36,0
DA:38,0
DA:43,0
DA:45,0
DA:47,0
LF:15
LH:0
end_of_record
SF:lib\model\reasonmodel.dart
DA:2,0
DA:12,0
DA:13,0
DA:14,0
DA:15,0
DA:18,0
DA:19,0
DA:20,0
DA:21,0
DA:22,0
DA:26,0
DA:28,0
LF:12
LH:0
end_of_record
SF:lib\services\Invoice_Service.dart
DA:15,0
DA:16,0
DA:18,0
DA:20,0
DA:24,0
DA:32,0
DA:35,0
DA:36,0
DA:37,0
DA:39,0
DA:40,0
DA:41,0
DA:42,0
DA:44,0
DA:45,0
DA:46,0
DA:47,0
DA:52,0
DA:54,0
DA:58,0
DA:66,0
DA:67,0
DA:70,0
DA:71,0
DA:73,0
DA:75,0
DA:79,0
DA:85,0
DA:86,0
DA:87,0
DA:93,0
DA:94,0
DA:95,0
DA:100,0
DA:101,0
DA:103,0
DA:109,0
DA:110,0
DA:112,0
DA:118,0
DA:121,0
DA:123,0
DA:125,0
DA:128,0
DA:133,0
DA:137,0
DA:138,0
DA:140,0
DA:143,0
DA:151,0
DA:157,0
DA:158,0
DA:162,0
DA:169,0
DA:170,0
DA:171,0
DA:176,0
DA:178,0
DA:182,0
DA:185,0
DA:191,0
DA:192,0
DA:194,0
DA:197,0
DA:198,0
DA:200,0
DA:203,0
DA:204,0
DA:206,0
DA:212,0
DA:215,0
DA:216,0
DA:217,0
DA:219,0
DA:222,0
DA:223,0
DA:225,0
DA:230,0
DA:231,0
DA:233,0
DA:236,0
DA:237,0
DA:239,0
DA:243,0
DA:244,0
DA:246,0
DA:247,0
DA:249,0
DA:255,0
DA:256,0
DA:258,0
DA:259,0
DA:261,0
DA:267,0
DA:268,0
DA:270,0
DA:271,0
DA:273,0
DA:279,0
DA:280,0
DA:282,0
DA:283,0
DA:285,0
DA:291,0
DA:293,0
DA:294,0
DA:296,0
DA:299,0
DA:302,0
DA:303,0
DA:305,0
DA:306,0
DA:309,0
DA:316,0
DA:317,0
DA:319,0
DA:320,0
DA:322,0
DA:328,0
DA:331,0
DA:334,0
DA:342,0
DA:344,0
DA:345,0
DA:346,0
DA:349,0
DA:350,0
DA:351,0
DA:354,0
DA:355,0
DA:356,0
DA:359,0
DA:360,0
DA:361,0
DA:364,0
DA:366,0
DA:375,0
DA:377,0
DA:381,0
DA:382,0
DA:383,0
DA:385,0
DA:387,0
DA:388,0
LF:144
LH:0
end_of_record
SF:lib\services\configService.dart
DA:10,0
DA:12,0
DA:13,0
DA:15,0
DA:16,0
DA:18,0
DA:24,0
DA:26,0
DA:27,0
DA:29,0
DA:30,0
DA:32,0
LF:12
LH:0
end_of_record
SF:lib\features\task_management\data\models\task_model.dart
DA:9,0
DA:11,0
DA:63,0
DA:64,0
DA:79,0
DA:80,0
DA:91,0
DA:92,0
DA:102,0
DA:103,0
DA:113,0
DA:114,0
DA:128,0
DA:129,0
DA:140,0
LF:15
LH:0
end_of_record
SF:lib\features\task_management\data\models\task_model.g.dart
DA:9,0
DA:10,0
DA:11,0
DA:12,0
DA:13,0
DA:14,0
DA:15,0
DA:16,0
DA:17,0
DA:19,0
DA:20,0
DA:21,0
DA:22,0
DA:23,0
DA:24,0
DA:25,0
DA:26,0
DA:27,0
DA:28,0
DA:29,0
DA:31,0
DA:32,0
DA:33,0
DA:34,0
DA:35,0
DA:36,0
DA:37,0
DA:38,0
DA:40,0
DA:41,0
DA:42,0
DA:43,0
DA:44,0
DA:45,0
DA:46,0
DA:47,0
DA:48,0
DA:49,0
DA:51,0
DA:52,0
DA:53,0
DA:55,0
DA:56,0
DA:57,0
DA:59,0
DA:60,0
DA:62,0
DA:63,0
DA:65,0
DA:68,0
DA:69,0
DA:70,0
DA:71,0
DA:72,0
DA:73,0
DA:74,0
DA:75,0
DA:76,0
DA:77,0
DA:78,0
DA:79,0
DA:80,0
DA:81,0
DA:82,0
DA:83,0
DA:84,0
DA:85,0
DA:86,0
DA:87,0
DA:88,0
DA:89,0
DA:90,0
DA:91,0
DA:92,0
DA:93,0
DA:94,0
DA:95,0
DA:96,0
DA:97,0
DA:98,0
DA:99,0
DA:100,0
DA:101,0
DA:102,0
DA:103,0
DA:104,0
DA:105,0
DA:108,0
DA:109,0
DA:110,0
DA:111,0
DA:112,0
DA:113,0
DA:114,0
DA:115,0
DA:116,0
DA:119,0
DA:120,0
DA:121,0
DA:122,0
DA:123,0
DA:124,0
DA:125,0
DA:126,0
DA:127,0
DA:130,0
DA:131,0
DA:132,0
DA:133,0
DA:134,0
DA:137,0
DA:138,0
DA:139,0
DA:140,0
DA:141,0
DA:144,0
DA:145,0
DA:146,0
DA:147,0
DA:150,0
DA:151,0
DA:152,0
DA:153,0
DA:156,0
DA:157,0
DA:158,0
DA:159,0
DA:162,0
DA:163,0
DA:164,0
DA:165,0
DA:168,0
DA:169,0
DA:170,0
DA:171,0
DA:172,0
DA:173,0
DA:174,0
DA:175,0
DA:177,0
DA:180,0
DA:181,0
DA:182,0
DA:183,0
DA:184,0
DA:185,0
DA:186,0
DA:187,0
DA:190,0
DA:191,0
DA:192,0
DA:193,0
DA:196,0
DA:197,0
DA:198,0
DA:199,0
DA:200,0
LF:157
LH:0
end_of_record
SF:lib\features\task_management\presentation\pages\add_task_page.dart
DA:45,0
DA:48,0
DA:51,0
DA:54,0
DA:63,0
DA:66,0
DA:69,0
DA:72,0
DA:75,0
DA:84,0
DA:86,0
DA:87,0
DA:105,0
DA:107,0
DA:108,0
DA:109,0
DA:111,0
DA:113,0
DA:114,0
DA:115,0
DA:117,0
DA:118,0
DA:120,0
DA:121,0
DA:122,0
DA:123,0
DA:124,0
DA:126,0
DA:127,0
DA:128,0
DA:129,0
DA:130,0
DA:131,0
DA:132,0
DA:133,0
DA:134,0
DA:135,0
DA:136,0
DA:137,0
DA:138,0
DA:139,0
DA:140,0
DA:142,0
DA:145,0
DA:146,0
DA:147,0
DA:148,0
DA:149,0
DA:151,0
DA:152,0
DA:153,0
DA:155,0
DA:156,0
DA:162,0
DA:164,0
DA:165,0
DA:166,0
DA:167,0
DA:168,0
DA:170,0
DA:171,0
DA:172,0
DA:173,0
DA:174,0
DA:175,0
DA:176,0
DA:189,0
DA:190,0
DA:191,0
DA:193,0
DA:194,0
DA:196,0
DA:202,0
DA:204,0
DA:205,0
DA:206,0
DA:207,0
DA:208,0
DA:211,0
DA:212,0
DA:217,0
DA:225,0
DA:226,0
DA:227,0
DA:228,0
DA:229,0
DA:231,0
DA:232,0
DA:233,0
DA:234,0
DA:235,0
DA:238,0
DA:239,0
DA:241,0
DA:242,0
DA:244,0
DA:245,0
DA:247,0
DA:249,0
DA:250,0
DA:251,0
DA:252,0
DA:254,0
DA:255,0
DA:256,0
DA:257,0
DA:258,0
DA:259,0
DA:260,0
DA:261,0
DA:269,0
DA:272,0
DA:273,0
DA:274,0
DA:276,0
DA:277,0
DA:278,0
DA:279,0
DA:281,0
DA:282,0
DA:283,0
DA:284,0
DA:286,0
DA:287,0
DA:288,0
DA:289,0
DA:291,0
DA:292,0
DA:293,0
DA:294,0
DA:296,0
DA:298,0
DA:299,0
DA:301,0
DA:303,0
DA:304,0
DA:306,0
DA:307,0
DA:308,0
DA:309,0
DA:310,0
DA:311,0
DA:312,0
DA:319,0
DA:320,0
DA:321,0
DA:322,0
DA:323,0
DA:324,0
DA:325,0
DA:326,0
DA:328,0
DA:331,0
DA:332,0
DA:334,0
DA:338,0
DA:343,0
DA:344,0
DA:345,0
DA:349,0
DA:350,0
DA:351,0
DA:352,0
DA:354,0
DA:356,0
DA:360,0
DA:362,0
DA:369,0
DA:370,0
DA:371,0
DA:372,0
DA:373,0
DA:374,0
DA:375,0
DA:377,0
DA:380,0
DA:381,0
DA:383,0
DA:388,0
DA:393,0
DA:394,0
DA:395,0
DA:399,0
DA:400,0
DA:401,0
DA:402,0
DA:404,0
DA:406,0
DA:410,0
DA:412,0
DA:422,0
DA:424,0
DA:425,0
DA:426,0
DA:427,0
DA:428,0
DA:429,0
DA:430,0
DA:432,0
DA:433,0
DA:434,0
DA:435,0
DA:436,0
DA:439,0
DA:441,0
DA:442,0
DA:443,0
DA:446,0
DA:447,0
DA:448,0
DA:451,0
DA:452,0
DA:455,0
DA:460,0
DA:461,0
DA:462,0
DA:463,0
DA:464,0
DA:466,0
DA:467,0
DA:468,0
DA:469,0
DA:470,0
DA:471,0
DA:472,0
DA:475,0
DA:478,0
DA:479,0
DA:481,0
DA:483,0
DA:484,0
DA:485,0
DA:486,0
DA:488,0
DA:489,0
DA:490,0
DA:491,0
DA:493,0
DA:494,0
DA:495,0
DA:496,0
DA:498,0
DA:499,0
DA:500,0
DA:501,0
DA:503,0
DA:504,0
DA:505,0
DA:506,0
DA:508,0
DA:509,0
DA:510,0
DA:511,0
DA:516,0
DA:517,0
DA:518,0
DA:520,0
DA:521,0
DA:522,0
DA:523,0
DA:524,0
DA:525,0
DA:526,0
DA:529,0
DA:532,0
DA:533,0
DA:535,0
DA:537,0
DA:538,0
DA:539,0
DA:540,0
DA:542,0
DA:543,0
DA:544,0
DA:545,0
DA:547,0
DA:548,0
DA:549,0
DA:550,0
DA:552,0
DA:553,0
DA:554,0
DA:555,0
DA:557,0
DA:558,0
DA:559,0
DA:560,0
DA:562,0
DA:563,0
DA:564,0
DA:565,0
DA:575,0
DA:576,0
DA:577,0
DA:579,0
DA:580,0
DA:581,0
DA:583,0
DA:584,0
DA:585,0
DA:586,0
DA:590,0
DA:591,0
DA:593,0
DA:596,0
DA:597,0
DA:599,0
DA:600,0
DA:601,0
DA:602,0
DA:603,0
DA:605,0
DA:607,0
DA:608,0
DA:609,0
DA:610,0
DA:621,0
DA:622,0
DA:623,0
DA:624,0
DA:625,0
DA:627,0
DA:628,0
DA:629,0
DA:630,0
DA:631,0
DA:632,0
DA:633,0
DA:635,0
DA:637,0
DA:638,0
DA:646,0
DA:650,0
DA:651,0
DA:652,0
DA:653,0
DA:654,0
DA:656,0
DA:657,0
DA:658,0
DA:660,0
DA:661,0
DA:662,0
DA:664,0
DA:665,0
DA:666,0
DA:668,0
DA:669,0
DA:670,0
DA:672,0
DA:673,0
DA:674,0
DA:676,0
DA:677,0
DA:678,0
DA:679,0
DA:680,0
DA:681,0
DA:682,0
DA:683,0
DA:684,0
DA:691,0
DA:694,0
DA:695,0
DA:696,0
DA:697,0
DA:699,0
DA:700,0
DA:701,0
DA:702,0
DA:703,0
DA:704,0
DA:705,0
DA:706,0
DA:707,0
DA:708,0
DA:710,0
DA:712,0
DA:713,0
DA:714,0
DA:715,0
DA:716,0
DA:728,0
DA:731,0
DA:732,0
DA:733,0
DA:734,0
DA:735,0
DA:736,0
DA:737,0
DA:738,0
DA:739,0
DA:740,0
DA:741,0
DA:742,0
DA:743,0
DA:745,0
DA:747,0
DA:748,0
DA:749,0
DA:750,0
DA:751,0
DA:762,0
DA:765,0
DA:767,0
DA:768,0
DA:770,0
DA:771,0
DA:772,0
DA:773,0
DA:778,0
DA:779,0
DA:780,0
DA:781,0
DA:782,0
DA:783,0
DA:785,0
DA:786,0
DA:787,0
DA:788,0
DA:789,0
LF:421
LH:0
end_of_record
SF:lib\model\managmodel.dart
DA:3,0
DA:12,0
DA:13,0
DA:14,0
DA:15,0
DA:18,0
DA:19,0
DA:20,0
DA:21,0
DA:22,0
DA:26,0
DA:28,0
LF:12
LH:0
end_of_record
SF:lib\model\regoin_model.dart
DA:5,0
DA:11,0
DA:12,0
DA:13,0
DA:14,0
DA:15,0
LF:6
LH:0
end_of_record
SF:lib\ui\screen\invoice\invoice_images_file.dart
DA:20,0
DA:24,0
DA:25,0
DA:31,0
DA:33,0
DA:34,0
DA:37,0
DA:39,0
DA:40,0
DA:41,0
DA:42,0
DA:43,0
DA:44,0
DA:46,0
DA:47,0
DA:54,0
DA:57,0
DA:58,0
DA:60,0
DA:61,0
DA:62,0
DA:63,0
DA:64,0
DA:66,0
DA:67,0
DA:71,0
DA:73,0
DA:74,0
DA:75,0
DA:80,0
DA:81,0
DA:91,0
DA:92,0
DA:95,0
DA:96,0
DA:97,0
DA:98,0
DA:99,0
DA:100,0
DA:101,0
DA:102,0
DA:103,0
DA:105,0
DA:107,0
DA:109,0
DA:110,0
DA:111,0
DA:115,0
DA:129,0
DA:130,0
DA:132,0
DA:134,0
DA:135,0
DA:138,0
DA:139,0
DA:140,0
DA:145,0
DA:155,0
DA:156,0
DA:159,0
DA:160,0
DA:161,0
DA:162,0
DA:163,0
DA:164,0
DA:165,0
DA:166,0
DA:169,0
DA:170,0
DA:171,0
DA:173,0
DA:176,0
DA:177,0
DA:182,0
DA:183,0
DA:184,0
DA:186,0
DA:188,0
DA:189,0
DA:192,0
DA:193,0
DA:194,0
DA:198,0
DA:203,0
DA:204,0
DA:205,0
DA:207,0
DA:209,0
DA:210,0
DA:213,0
DA:214,0
DA:215,0
DA:220,0
DA:230,0
DA:231,0
DA:232,0
DA:234,0
DA:241,0
DA:242,0
DA:243,0
DA:244,0
DA:250,0
DA:252,0
DA:254,0
DA:256,0
LF:105
LH:0
end_of_record
SF:lib\provider\manage_provider.dart
DA:22,0
DA:23,0
DA:24,0
DA:27,0
DA:29,0
DA:30,0
DA:31,0
DA:34,0
DA:35,0
DA:39,0
DA:44,0
DA:46,0
DA:47,0
DA:49,0
DA:50,0
DA:54,0
DA:55,0
DA:60,0
DA:62,0
DA:63,0
DA:65,0
DA:68,0
DA:69,0
LF:23
LH:0
end_of_record
SF:lib\view_model\regoin_vm.dart
DA:16,0
DA:17,0
DA:18,0
DA:20,0
DA:22,0
DA:27,0
DA:28,0
DA:29,0
DA:31,0
DA:34,0
DA:37,0
DA:38,0
DA:39,0
DA:40,0
DA:45,0
DA:46,0
DA:47,0
DA:50,0
DA:51,0
DA:52,0
DA:53,0
DA:54,0
DA:56,0
DA:57,0
DA:61,0
DA:62,0
DA:63,0
DA:70,0
DA:71,0
DA:72,0
DA:73,0
DA:74,0
DA:76,0
DA:77,0
DA:80,0
DA:81,0
DA:82,0
DA:87,0
DA:88,0
DA:89,0
DA:90,0
DA:91,0
DA:94,0
DA:95,0
DA:97,0
DA:98,0
LF:46
LH:0
end_of_record
SF:lib\features\task_management\presentation\widgets\grouped_button.dart
DA:12,0
DA:22,0
DA:33,0
DA:34,0
DA:40,0
DA:42,0
DA:43,0
DA:45,0
DA:47,0
DA:49,0
DA:50,0
DA:51,0
DA:52,0
DA:54,0
DA:56,0
DA:57,0
DA:58,0
DA:60,0
DA:61,0
DA:62,0
DA:65,0
DA:66,0
DA:67,0
DA:68,0
DA:69,0
DA:70,0
DA:71,0
DA:72,0
DA:73,0
DA:74,0
DA:75,0
DA:76,0
DA:77,0
DA:79,0
DA:80,0
DA:81,0
DA:82,0
LF:37
LH:0
end_of_record
SF:lib\model\ActivityModel.dart
DA:2,0
DA:12,0
DA:13,0
DA:14,0
DA:18,0
DA:19,0
DA:20,0
DA:21,0
DA:25,0
DA:26,0
DA:29,0
DA:30,0
LF:12
LH:0
end_of_record
SF:lib\model\Error_model.dart
DA:6,0
LF:1
LH:0
end_of_record
SF:lib\model\attachement_invoice_files.dart
DA:5,0
DA:7,0
DA:14,0
DA:20,0
DA:21,0
DA:23,0
DA:24,0
DA:25,0
DA:28,0
DA:29,0
DA:30,0
LF:11
LH:0
end_of_record
SF:lib\model\calendar\event_model.dart
DA:20,0
DA:36,0
DA:38,0
DA:41,0
DA:56,0
DA:57,0
DA:58,0
DA:59,0
DA:60,0
DA:61,0
DA:62,0
DA:63,0
DA:64,0
DA:65,0
DA:66,0
DA:67,0
DA:68,0
DA:69,0
DA:73,0
DA:76,0
DA:77,0
DA:78,0
DA:79,0
DA:80,0
DA:81,0
DA:82,0
DA:83,0
DA:84,0
DA:85,0
DA:86,0
DA:87,0
DA:88,0
DA:89,0
DA:90,0
DA:92,0
DA:94,0
DA:95,0
DA:96,0
DA:97,0
DA:98,0
DA:99,0
DA:100,0
DA:101,0
DA:102,0
DA:103,0
DA:104,0
DA:105,0
DA:106,0
LF:48
LH:0
end_of_record
SF:lib\model\configmodel.dart
DA:4,0
DA:15,0
DA:16,0
DA:17,0
DA:18,0
DA:19,0
DA:22,0
DA:23,0
DA:24,0
DA:25,0
DA:26,0
DA:27,0
LF:12
LH:0
end_of_record
SF:lib\model\countrymodel.dart
DA:2,0
DA:11,0
DA:12,0
DA:13,0
DA:14,0
DA:17,0
DA:18,0
DA:19,0
DA:20,0
DA:21,0
LF:10
LH:0
end_of_record
SF:lib\model\deleteinvoicemodel.dart
DA:2,0
DA:27,0
DA:28,0
DA:29,0
DA:30,0
DA:31,0
DA:32,0
DA:33,0
DA:34,0
DA:35,0
DA:36,0
DA:37,0
DA:38,0
DA:41,0
DA:42,0
DA:43,0
DA:44,0
DA:45,0
DA:46,0
DA:47,0
DA:48,0
DA:49,0
DA:50,0
DA:51,0
DA:52,0
DA:53,0
LF:26
LH:0
end_of_record
SF:lib\model\participatModel.dart
DA:2,0
DA:16,0
DA:17,0
DA:18,0
DA:19,0
DA:20,0
DA:21,0
DA:24,0
DA:25,0
DA:26,0
DA:27,0
DA:28,0
DA:29,0
DA:30,0
DA:34,0
DA:35,0
LF:16
LH:0
end_of_record
SF:lib\model\levelmodel.dart
DA:2,0
DA:11,0
DA:12,0
DA:13,0
DA:14,0
DA:17,0
DA:18,0
DA:19,0
DA:20,0
DA:21,0
DA:25,0
DA:27,0
LF:12
LH:0
end_of_record
SF:lib\services\RegoinServices.dart
DA:16,0
DA:19,0
DA:22,0
DA:23,0
DA:25,0
DA:26,0
DA:29,0
DA:33,0
DA:34,0
DA:36,0
DA:37,0
DA:40,0
DA:42,0
DA:43,0
LF:14
LH:0
end_of_record
SF:lib\services\UserService.dart
DA:11,0
DA:12,0
DA:13,0
DA:16,0
DA:17,0
DA:22,0
DA:23,0
DA:26,0
DA:33,0
DA:34,0
DA:38,0
DA:40,0
DA:41,0
DA:44,0
DA:52,0
DA:53,0
DA:54,0
DA:56,0
DA:57,0
DA:64,0
DA:65,0
DA:67,0
DA:70,0
DA:72,0
LF:24
LH:0
end_of_record
SF:lib\view_model\invoice_vm.dart
DA:41,0
DA:42,0
DA:44,0
DA:48,0
DA:49,0
DA:50,0
DA:58,0
DA:62,0
DA:63,0
DA:64,0
DA:82,0
DA:83,0
DA:86,0
DA:87,0
DA:88,0
DA:89,0
DA:90,0
DA:91,0
DA:92,0
DA:95,0
DA:98,0
DA:101,0
DA:103,0
DA:106,0
DA:107,0
DA:108,0
DA:109,0
DA:110,0
DA:111,0
DA:112,0
DA:114,0
DA:117,0
DA:118,0
DA:119,0
DA:121,0
DA:123,0
DA:124,0
DA:125,0
DA:126,0
DA:130,0
DA:135,0
DA:136,0
DA:140,0
DA:141,0
DA:142,0
DA:143,0
DA:144,0
DA:145,0
DA:146,0
DA:148,0
DA:151,0
DA:153,0
DA:156,0
DA:157,0
DA:161,0
DA:162,0
DA:163,0
DA:164,0
DA:165,0
DA:166,0
DA:167,0
DA:169,0
DA:172,0
DA:174,0
DA:177,0
DA:178,0
DA:181,0
DA:182,0
DA:183,0
DA:184,0
DA:185,0
DA:186,0
DA:187,0
DA:189,0
DA:192,0
DA:193,0
DA:196,0
DA:198,0
DA:201,0
DA:202,0
DA:203,0
DA:204,0
DA:205,0
DA:206,0
DA:207,0
DA:209,0
DA:212,0
DA:213,0
DA:216,0
DA:218,0
DA:221,0
DA:222,0
DA:223,0
DA:224,0
DA:225,0
DA:226,0
DA:227,0
DA:229,0
DA:232,0
DA:234,0
DA:237,0
DA:238,0
DA:239,0
DA:240,0
DA:241,0
DA:242,0
DA:243,0
DA:244,0
DA:245,0
DA:248,0
DA:249,0
DA:251,0
DA:252,0
DA:253,0
DA:257,0
DA:258,0
DA:259,0
DA:263,0
DA:266,0
DA:268,0
DA:271,0
DA:272,0
DA:274,0
DA:275,0
DA:276,0
DA:277,0
DA:281,0
DA:282,0
DA:283,0
DA:284,0
DA:285,0
DA:286,0
DA:289,0
DA:290,0
DA:291,0
DA:292,0
DA:293,0
DA:294,0
DA:297,0
DA:298,0
DA:299,0
DA:300,0
DA:301,0
DA:302,0
DA:303,0
DA:308,0
DA:309,0
DA:310,0
DA:311,0
DA:312,0
DA:313,0
DA:314,0
DA:315,0
DA:316,0
DA:317,0
DA:321,0
DA:322,0
DA:323,0
DA:324,0
DA:325,0
DA:326,0
DA:332,0
DA:333,0
DA:334,0
DA:335,0
DA:336,0
DA:337,0
DA:338,0
DA:339,0
DA:340,0
DA:341,0
DA:345,0
DA:346,0
DA:347,0
DA:348,0
DA:349,0
DA:350,0
DA:351,0
DA:356,0
DA:357,0
DA:358,0
DA:359,0
DA:360,0
DA:361,0
DA:362,0
DA:363,0
DA:364,0
DA:365,0
DA:369,0
DA:370,0
DA:371,0
DA:372,0
DA:373,0
DA:374,0
DA:375,0
DA:380,0
DA:381,0
DA:382,0
DA:383,0
DA:384,0
DA:385,0
DA:386,0
DA:387,0
DA:388,0
DA:389,0
DA:390,0
DA:394,0
DA:395,0
DA:396,0
DA:397,0
DA:398,0
DA:399,0
DA:400,0
DA:401,0
DA:409,0
DA:410,0
DA:411,0
DA:412,0
DA:416,0
DA:417,0
DA:420,0
DA:421,0
DA:422,0
DA:424,0
DA:425,0
DA:426,0
DA:427,0
DA:428,0
DA:431,0
DA:432,0
DA:433,0
DA:438,0
DA:442,0
DA:443,0
DA:444,0
DA:445,0
DA:448,0
DA:450,0
DA:452,0
DA:453,0
DA:454,0
DA:455,0
DA:458,0
DA:461,0
DA:462,0
DA:463,0
DA:464,0
DA:465,0
DA:467,0
DA:469,0
DA:470,0
DA:471,0
DA:473,0
DA:474,0
DA:475,0
DA:476,0
DA:479,0
DA:480,0
DA:481,0
DA:482,0
DA:487,0
DA:488,0
DA:489,0
DA:490,0
DA:491,0
DA:492,0
DA:496,0
DA:500,0
DA:501,0
DA:502,0
DA:503,0
DA:504,0
DA:505,0
DA:509,0
DA:510,0
DA:511,0
DA:516,0
DA:517,0
DA:518,0
DA:519,0
DA:520,0
DA:521,0
DA:525,0
DA:526,0
DA:527,0
DA:534,0
DA:535,0
DA:540,0
DA:542,0
DA:544,0
DA:545,0
DA:546,0
DA:547,0
DA:548,0
DA:549,0
DA:550,0
DA:551,0
DA:552,0
DA:553,0
DA:554,0
DA:555,0
DA:556,0
DA:558,0
DA:563,0
DA:564,0
DA:565,0
DA:566,0
DA:568,0
DA:572,0
DA:573,0
DA:575,0
DA:577,0
DA:657,0
DA:658,0
DA:660,0
DA:661,0
DA:663,0
DA:664,0
DA:666,0
DA:667,0
DA:671,0
DA:672,0
DA:673,0
DA:680,0
DA:681,0
DA:682,0
DA:683,0
DA:684,0
DA:685,0
DA:686,0
DA:687,0
DA:689,0
DA:690,0
DA:691,0
DA:692,0
DA:693,0
DA:697,0
DA:698,0
DA:699,0
DA:703,0
DA:704,0
DA:707,0
DA:710,0
DA:711,0
DA:712,0
DA:713,0
DA:714,0
DA:715,0
DA:716,0
DA:717,0
DA:718,0
DA:719,0
DA:722,0
DA:725,0
DA:726,0
DA:727,0
DA:728,0
DA:729,0
DA:730,0
DA:732,0
DA:733,0
DA:735,0
DA:737,0
DA:738,0
DA:740,0
DA:742,0
DA:744,0
DA:745,0
DA:747,0
DA:751,0
DA:752,0
DA:761,0
DA:762,0
DA:764,0
DA:776,0
DA:780,0
DA:781,0
DA:782,0
DA:783,0
DA:786,0
DA:787,0
DA:788,0
DA:789,0
DA:790,0
DA:791,0
DA:793,0
DA:794,0
DA:795,0
DA:796,0
DA:798,0
DA:799,0
DA:800,0
DA:801,0
DA:803,0
DA:804,0
DA:805,0
DA:807,0
DA:810,0
DA:811,0
DA:812,0
DA:813,0
DA:814,0
DA:815,0
DA:818,0
DA:820,0
DA:823,0
DA:824,0
DA:825,0
DA:828,0
DA:829,0
DA:830,0
DA:833,0
DA:834,0
DA:837,0
DA:838,0
DA:839,0
DA:842,0
DA:843,0
DA:844,0
DA:849,0
DA:851,0
DA:852,0
DA:854,0
DA:856,0
DA:857,0
DA:858,0
DA:859,0
DA:860,0
DA:861,0
DA:863,0
DA:865,0
DA:868,0
DA:869,0
DA:870,0
DA:871,0
DA:876,0
DA:878,0
DA:879,0
DA:881,0
DA:883,0
DA:884,0
DA:885,0
DA:886,0
DA:887,0
DA:888,0
DA:890,0
DA:892,0
DA:895,0
DA:896,0
DA:897,0
DA:898,0
DA:903,0
DA:916,0
DA:917,0
DA:918,0
DA:921,0
DA:922,0
DA:923,0
DA:927,0
DA:929,0
DA:930,0
DA:932,0
DA:934,0
DA:935,0
DA:936,0
DA:937,0
DA:938,0
DA:941,0
DA:942,0
DA:946,0
DA:947,0
DA:948,0
DA:950,0
DA:951,0
DA:952,0
DA:954,0
DA:955,0
DA:956,0
DA:957,0
DA:958,0
DA:960,0
DA:961,0
DA:962,0
DA:963,0
DA:966,0
DA:967,0
DA:968,0
DA:974,0
DA:976,0
DA:978,0
DA:981,0
DA:983,0
DA:985,0
DA:989,0
DA:990,0
DA:991,0
DA:992,0
DA:993,0
DA:996,0
DA:999,0
DA:1001,0
DA:1002,0
DA:1004,0
DA:1006,0
DA:1007,0
DA:1009,0
DA:1011,0
DA:1012,0
DA:1016,0
DA:1017,0
DA:1020,0
DA:1023,0
DA:1025,0
DA:1026,0
DA:1028,0
DA:1029,0
DA:1030,0
DA:1031,0
DA:1033,0
DA:1035,0
DA:1036,0
DA:1038,0
DA:1040,0
DA:1041,0
DA:1046,0
DA:1047,0
DA:1050,0
DA:1051,0
DA:1053,0
DA:1054,0
DA:1055,0
DA:1056,0
DA:1059,0
DA:1060,0
DA:1061,0
DA:1064,0
DA:1067,0
DA:1069,0
DA:1070,0
DA:1072,0
DA:1085,0
DA:1087,0
DA:1088,0
DA:1089,0
DA:1090,0
DA:1094,0
DA:1095,0
DA:1096,0
DA:1097,0
DA:1099,0
DA:1100,0
DA:1101,0
DA:1103,0
DA:1104,0
DA:1107,0
DA:1108,0
DA:1110,0
DA:1111,0
DA:1112,0
DA:1113,0
DA:1116,0
DA:1117,0
DA:1118,0
DA:1121,0
DA:1122,0
DA:1125,0
DA:1135,0
DA:1138,0
DA:1139,0
DA:1146,0
DA:1147,0
DA:1149,0
DA:1150,0
DA:1151,0
DA:1152,0
DA:1153,0
DA:1155,0
DA:1159,0
DA:1165,0
DA:1167,0
DA:1174,0
DA:1176,0
DA:1177,0
DA:1178,0
DA:1182,0
DA:1183,0
DA:1184,0
DA:1186,0
DA:1190,0
DA:1191,0
DA:1192,0
DA:1194,0
DA:1195,0
DA:1199,0
DA:1201,0
DA:1202,0
DA:1203,0
DA:1204,0
DA:1206,0
DA:1207,0
DA:1209,0
DA:1210,0
DA:1211,0
DA:1213,0
DA:1216,0
DA:1218,0
DA:1219,0
DA:1220,0
DA:1222,0
DA:1223,0
DA:1227,0
DA:1228,0
DA:1230,0
DA:1231,0
DA:1235,0
DA:1240,0
DA:1243,0
DA:1245,0
DA:1250,0
DA:1252,0
DA:1253,0
DA:1255,0
DA:1262,0
DA:1267,0
DA:1270,0
DA:1271,0
DA:1278,0
DA:1279,0
DA:1281,0
DA:1282,0
DA:1284,0
DA:1285,0
DA:1286,0
DA:1290,0
DA:1291,0
DA:1292,0
DA:1297,0
DA:1299,0
DA:1300,0
DA:1302,0
DA:1303,0
DA:1304,0
DA:1311,0
DA:1312,0
DA:1314,0
DA:1315,0
DA:1317,0
DA:1318,0
DA:1319,0
DA:1323,0
DA:1324,0
DA:1325,0
DA:1330,0
DA:1332,0
DA:1333,0
DA:1335,0
DA:1336,0
DA:1337,0
DA:1344,0
DA:1345,0
DA:1347,0
DA:1348,0
DA:1350,0
DA:1351,0
DA:1352,0
DA:1356,0
DA:1357,0
DA:1358,0
DA:1363,0
DA:1365,0
DA:1366,0
DA:1367,0
DA:1368,0
DA:1369,0
DA:1373,0
DA:1374,0
DA:1376,0
DA:1377,0
DA:1378,0
DA:1379,0
DA:1384,0
DA:1386,0
DA:1388,0
DA:1389,0
DA:1390,0
DA:1391,0
DA:1393,0
DA:1398,0
DA:1407,0
DA:1408,0
DA:1414,0
DA:1423,0
DA:1433,0
DA:1434,0
DA:1437,0
DA:1445,0
DA:1446,0
DA:1448,0
DA:1455,0
DA:1456,0
DA:1457,0
DA:1460,0
DA:1464,0
DA:1465,0
DA:1466,0
DA:1467,0
DA:1468,0
DA:1469,0
DA:1470,0
DA:1473,0
DA:1476,0
DA:1477,0
DA:1479,0
DA:1481,0
DA:1482,0
DA:1483,0
DA:1485,0
DA:1486,0
DA:1487,0
DA:1488,0
DA:1490,0
DA:1491,0
DA:1492,0
DA:1493,0
DA:1494,0
DA:1502,0
DA:1503,0
DA:1505,0
DA:1506,0
DA:1510,0
DA:1511,0
DA:1512,0
DA:1514,0
DA:1516,0
DA:1517,0
DA:1518,0
DA:1520,0
DA:1521,0
DA:1522,0
DA:1523,0
DA:1525,0
DA:1526,0
DA:1527,0
DA:1528,0
DA:1529,0
DA:1532,0
DA:1533,0
DA:1539,0
DA:1542,0
DA:1543,0
DA:1545,0
DA:1546,0
DA:1547,0
DA:1548,0
DA:1549,0
DA:1550,0
DA:1551,0
DA:1552,0
DA:1555,0
DA:1556,0
DA:1561,0
DA:1563,0
DA:1564,0
DA:1566,0
DA:1567,0
DA:1568,0
DA:1570,0
DA:1571,0
DA:1572,0
DA:1573,0
DA:1574,0
DA:1577,0
DA:1578,0
DA:1579,0
DA:1580,0
DA:1581,0
DA:1584,0
DA:1585,0
DA:1586,0
DA:1588,0
DA:1590,0
DA:1591,0
DA:1594,0
DA:1596,0
DA:1597,0
DA:1598,0
DA:1601,0
DA:1602,0
DA:1603,0
DA:1606,0
DA:1607,0
DA:1618,0
DA:1620,0
DA:1621,0
DA:1622,0
DA:1625,0
DA:1626,0
DA:1627,0
DA:1630,0
DA:1631,0
DA:1639,0
DA:1641,0
DA:1642,0
DA:1643,0
DA:1647,0
DA:1648,0
DA:1650,0
DA:1651,0
DA:1652,0
DA:1654,0
DA:1655,0
DA:1657,0
DA:1662,0
DA:1663,0
DA:1665,0
DA:1666,0
DA:1667,0
DA:1670,0
DA:1671,0
DA:1672,0
DA:1674,0
DA:1675,0
DA:1677,0
DA:1680,0
DA:1682,0
DA:1686,0
DA:1688,0
DA:1689,0
DA:1690,0
DA:1695,0
DA:1696,0
DA:1698,0
DA:1699,0
DA:1700,0
DA:1702,0
DA:1703,0
DA:1704,0
DA:1707,0
DA:1709,0
DA:1714,0
DA:1715,0
DA:1716,0
DA:1719,0
DA:1720,0
DA:1721,0
DA:1723,0
DA:1725,0
DA:1728,0
DA:1734,0
DA:1735,0
DA:1738,0
DA:1739,0
DA:1740,0
DA:1741,0
DA:1742,0
DA:1743,0
DA:1744,0
DA:1747,0
DA:1755,0
DA:1756,0
DA:1758,0
DA:1759,0
DA:1763,0
DA:1764,0
DA:1766,0
DA:1767,0
DA:1771,0
DA:1778,0
DA:1779,0
DA:1780,0
DA:1781,0
DA:1784,0
DA:1786,0
DA:1787,0
DA:1794,0
DA:1795,0
DA:1797,0
DA:1798,0
DA:1799,0
DA:1800,0
DA:1802,0
DA:1803,0
DA:1804,0
DA:1806,0
DA:1808,0
DA:1811,0
DA:1812,0
DA:1814,0
DA:1815,0
DA:1816,0
DA:1817,0
DA:1819,0
DA:1820,0
DA:1821,0
DA:1823,0
DA:1825,0
DA:1828,0
DA:1829,0
DA:1831,0
DA:1832,0
DA:1833,0
DA:1834,0
DA:1836,0
DA:1837,0
DA:1838,0
DA:1840,0
DA:1842,0
DA:1847,0
DA:1848,0
DA:1851,0
DA:1852,0
DA:1853,0
DA:1854,0
DA:1857,0
DA:1858,0
DA:1859,0
DA:1863,0
DA:1864,0
DA:1865,0
DA:1872,0
DA:1881,0
DA:1882,0
DA:1883,0
DA:1885,0
DA:1886,0
DA:1887,0
DA:1888,0
DA:1889,0
DA:1890,0
DA:1894,0
DA:1895,0
DA:1896,0
DA:1897,0
DA:1898,0
DA:1899,0
DA:1900,0
DA:1901,0
DA:1902,0
DA:1904,0
DA:1905,0
DA:1906,0
DA:1907,0
DA:1909,0
DA:1910,0
DA:1911,0
DA:1912,0
DA:1913,0
DA:1915,0
DA:1916,0
DA:1918,0
DA:1919,0
DA:1920,0
DA:1922,0
DA:1929,0
DA:1938,0
DA:1940,0
DA:1942,0
DA:1944,0
DA:1948,0
DA:1952,0
DA:1958,0
DA:1960,0
DA:1961,0
DA:1964,0
DA:1969,0
DA:1972,0
DA:1973,0
DA:1976,0
DA:1978,0
DA:1979,0
DA:1982,0
DA:1983,0
DA:1985,0
DA:1989,0
DA:1990,0
DA:1991,0
DA:1993,0
DA:1994,0
DA:1995,0
DA:1998,0
DA:2004,0
DA:2005,0
DA:2007,0
DA:2010,0
DA:2014,0
DA:2015,0
DA:2017,0
DA:2019,0
DA:2021,0
DA:2025,0
DA:2030,0
DA:2032,0
DA:2035,0
DA:2036,0
DA:2037,0
DA:2039,0
DA:2042,0
DA:2043,0
DA:2044,0
DA:2045,0
DA:2046,0
DA:2047,0
DA:2048,0
DA:2049,0
DA:2050,0
DA:2052,0
DA:2055,0
DA:2060,0
DA:2063,0
DA:2065,0
DA:2067,0
DA:2069,0
DA:2071,0
LF:1013
LH:0
end_of_record
SF:lib\ui\widgets\custom_widget\text_uitil.dart
DA:18,0
DA:25,0
DA:27,0
DA:29,0
DA:31,0
DA:34,0
DA:35,0
DA:36,0
DA:37,0
LF:9
LH:0
end_of_record
SF:lib\ui\widgets\fancy_image_shimmer_viewer.dart
DA:5,0
DA:12,0
DA:20,0
DA:22,0
DA:23,0
DA:24,0
DA:25,0
DA:26,0
DA:27,0
LF:9
LH:0
end_of_record
SF:lib\view_model\page_state.dart
DA:4,0
DA:9,0
DA:17,0
DA:20,0
DA:21,0
DA:22,0
DA:23,0
DA:25,0
DA:26,0
DA:28,0
DA:32,0
DA:33,0
DA:34,0
DA:38,0
DA:39,0
DA:42,0
DA:43,0
DA:46,0
DA:47,0
DA:52,0
DA:54,0
DA:56,0
DA:58,0
LF:23
LH:0
end_of_record
